2022/11/02 12:47:26 [notice] 1#1: using the "epoll" event method
2022/11/02 12:47:26 [notice] 1#1: nginx/1.23.2
2022/11/02 12:47:26 [notice] 1#1: built by gcc 10.2.1 20210110 (Debian 10.2.1-6) 
2022/11/02 12:47:26 [notice] 1#1: OS: Linux 5.4.0-80-generic
2022/11/02 12:47:26 [notice] 1#1: getrlimit(RLIMIT_NOFILE): 1048576:1048576
2022/11/02 12:47:26 [notice] 1#1: start worker processes
2022/11/02 12:47:26 [notice] 1#1: start worker process 21
2022/11/02 12:47:26 [notice] 1#1: start worker process 22
2022/11/02 12:47:26 [notice] 1#1: start worker process 23
2022/11/02 12:47:26 [notice] 1#1: start worker process 24
2022/11/02 12:47:26 [notice] 1#1: start worker process 25
2022/11/02 12:47:26 [notice] 1#1: start worker process 26
2022/11/02 12:47:26 [notice] 1#1: start worker process 27
2022/11/02 12:47:26 [notice] 1#1: start worker process 28
2022/11/02 12:57:27 [notice] 1#1: signal 3 (SIGQUIT) received, shutting down
2022/11/02 12:57:27 [notice] 26#26: gracefully shutting down
2022/11/02 12:57:27 [notice] 22#22: gracefully shutting down
2022/11/02 12:57:27 [notice] 26#26: exiting
2022/11/02 12:57:27 [notice] 22#22: exiting
2022/11/02 12:57:27 [notice] 26#26: exit
2022/11/02 12:57:27 [notice] 22#22: exit
2022/11/02 12:57:27 [notice] 23#23: gracefully shutting down
2022/11/02 12:57:27 [notice] 23#23: exiting
2022/11/02 12:57:27 [notice] 23#23: exit
2022/11/02 12:57:27 [notice] 25#25: gracefully shutting down
2022/11/02 12:57:27 [notice] 25#25: exiting
2022/11/02 12:57:27 [notice] 25#25: exit
2022/11/02 12:57:27 [notice] 27#27: gracefully shutting down
2022/11/02 12:57:27 [notice] 27#27: exiting
2022/11/02 12:57:27 [notice] 24#24: gracefully shutting down
2022/11/02 12:57:27 [notice] 24#24: exiting
2022/11/02 12:57:27 [notice] 27#27: exit
2022/11/02 12:57:27 [notice] 24#24: exit
2022/11/02 12:57:27 [notice] 28#28: gracefully shutting down
2022/11/02 12:57:27 [notice] 28#28: exiting
2022/11/02 12:57:27 [notice] 28#28: exit
2022/11/02 12:57:27 [notice] 21#21: gracefully shutting down
2022/11/02 12:57:27 [notice] 21#21: exiting
2022/11/02 12:57:27 [notice] 21#21: exit
2022/11/02 12:57:27 [notice] 1#1: signal 17 (SIGCHLD) received from 22
2022/11/02 12:57:27 [notice] 1#1: worker process 22 exited with code 0
2022/11/02 12:57:27 [notice] 1#1: worker process 24 exited with code 0
2022/11/02 12:57:27 [notice] 1#1: worker process 25 exited with code 0
2022/11/02 12:57:27 [notice] 1#1: worker process 26 exited with code 0
2022/11/02 12:57:27 [notice] 1#1: signal 29 (SIGIO) received
2022/11/02 12:57:27 [notice] 1#1: signal 17 (SIGCHLD) received from 25
2022/11/02 12:57:27 [notice] 1#1: signal 17 (SIGCHLD) received from 23
2022/11/02 12:57:27 [notice] 1#1: worker process 23 exited with code 0
2022/11/02 12:57:27 [notice] 1#1: worker process 27 exited with code 0
2022/11/02 12:57:27 [notice] 1#1: worker process 21 exited with code 0
2022/11/02 12:57:27 [notice] 1#1: worker process 28 exited with code 0
2022/11/02 12:57:27 [notice] 1#1: exit
2022/11/05 06:11:28 [notice] 1#1: using the "epoll" event method
2022/11/05 06:11:28 [notice] 1#1: nginx/1.23.2
2022/11/05 06:11:28 [notice] 1#1: built by gcc 10.2.1 20210110 (Debian 10.2.1-6) 
2022/11/05 06:11:28 [notice] 1#1: OS: Linux 5.4.0-80-generic
2022/11/05 06:11:28 [notice] 1#1: getrlimit(RLIMIT_NOFILE): 1048576:1048576
2022/11/05 06:11:28 [notice] 1#1: start worker processes
2022/11/05 06:11:28 [notice] 1#1: start worker process 20
2022/11/05 06:11:28 [notice] 1#1: start worker process 21
2022/11/05 06:11:28 [notice] 1#1: start worker process 22
2022/11/05 06:11:28 [notice] 1#1: start worker process 23
2022/11/05 06:11:28 [notice] 1#1: start worker process 24
2022/11/05 06:11:28 [notice] 1#1: start worker process 25
2022/11/05 06:11:28 [notice] 1#1: start worker process 26
2022/11/05 06:11:28 [notice] 1#1: start worker process 27
2022/11/05 06:50:33 [notice] 1#1: signal 3 (SIGQUIT) received, shutting down
2022/11/05 06:50:33 [notice] 22#22: gracefully shutting down
2022/11/05 06:50:33 [notice] 21#21: gracefully shutting down
2022/11/05 06:50:33 [notice] 26#26: gracefully shutting down
2022/11/05 06:50:33 [notice] 22#22: exiting
2022/11/05 06:50:33 [notice] 27#27: gracefully shutting down
2022/11/05 06:50:33 [notice] 26#26: exiting
2022/11/05 06:50:33 [notice] 21#21: exiting
2022/11/05 06:50:33 [notice] 27#27: exiting
2022/11/05 06:50:33 [notice] 26#26: exit
2022/11/05 06:50:33 [notice] 22#22: exit
2022/11/05 06:50:33 [notice] 21#21: exit
2022/11/05 06:50:33 [notice] 27#27: exit
2022/11/05 06:50:33 [notice] 24#24: gracefully shutting down
2022/11/05 06:50:33 [notice] 23#23: gracefully shutting down
2022/11/05 06:50:33 [notice] 23#23: exiting
2022/11/05 06:50:33 [notice] 24#24: exiting
2022/11/05 06:50:33 [notice] 23#23: exit
2022/11/05 06:50:33 [notice] 24#24: exit
2022/11/05 06:50:33 [notice] 25#25: gracefully shutting down
2022/11/05 06:50:33 [notice] 25#25: exiting
2022/11/05 06:50:33 [notice] 25#25: exit
2022/11/05 06:50:33 [notice] 20#20: gracefully shutting down
2022/11/05 06:50:33 [notice] 20#20: exiting
2022/11/05 06:50:33 [notice] 20#20: exit
2022/11/05 06:50:33 [notice] 1#1: signal 17 (SIGCHLD) received from 21
2022/11/05 06:50:33 [notice] 1#1: worker process 21 exited with code 0
2022/11/05 06:50:33 [notice] 1#1: worker process 20 exited with code 0
2022/11/05 06:50:33 [notice] 1#1: worker process 24 exited with code 0
2022/11/05 06:50:33 [notice] 1#1: worker process 26 exited with code 0
2022/11/05 06:50:33 [notice] 1#1: signal 29 (SIGIO) received
2022/11/05 06:50:33 [notice] 1#1: signal 17 (SIGCHLD) received from 24
2022/11/05 06:50:33 [notice] 1#1: signal 17 (SIGCHLD) received from 27
2022/11/05 06:50:33 [notice] 1#1: worker process 25 exited with code 0
2022/11/05 06:50:33 [notice] 1#1: worker process 27 exited with code 0
2022/11/05 06:50:33 [notice] 1#1: signal 29 (SIGIO) received
2022/11/05 06:50:33 [notice] 1#1: signal 17 (SIGCHLD) received from 25
2022/11/05 06:50:33 [notice] 1#1: worker process 23 exited with code 0
2022/11/05 06:50:33 [notice] 1#1: signal 29 (SIGIO) received
2022/11/05 06:50:33 [notice] 1#1: signal 17 (SIGCHLD) received from 22
2022/11/05 06:50:33 [notice] 1#1: worker process 22 exited with code 0
2022/11/05 06:50:33 [notice] 1#1: exit
2022/11/05 06:51:02 [emerg] 1#1: "upstream" directive is not allowed here in /etc/nginx/nginx.conf:1
2022/11/05 06:57:55 [emerg] 1#1: "upstream" directive is not allowed here in /etc/nginx/nginx.conf:1
2022/11/05 06:57:56 [emerg] 1#1: "upstream" directive is not allowed here in /etc/nginx/nginx.conf:1
2022/11/05 06:57:57 [emerg] 1#1: "upstream" directive is not allowed here in /etc/nginx/nginx.conf:1
2022/11/05 06:57:58 [emerg] 1#1: "upstream" directive is not allowed here in /etc/nginx/nginx.conf:1
2022/11/05 06:57:59 [emerg] 1#1: "upstream" directive is not allowed here in /etc/nginx/nginx.conf:1
2022/11/05 06:58:01 [emerg] 1#1: "upstream" directive is not allowed here in /etc/nginx/nginx.conf:1
2022/11/05 06:58:05 [emerg] 1#1: "upstream" directive is not allowed here in /etc/nginx/nginx.conf:1
2022/11/05 06:58:12 [emerg] 1#1: "upstream" directive is not allowed here in /etc/nginx/nginx.conf:1
2022/11/05 07:00:25 [emerg] 1#1: "server" directive is not allowed here in /etc/nginx/nginx.conf:1
2022/11/05 07:00:26 [emerg] 1#1: "server" directive is not allowed here in /etc/nginx/nginx.conf:1
2022/11/05 07:00:27 [emerg] 1#1: "server" directive is not allowed here in /etc/nginx/nginx.conf:1
2022/11/05 07:00:28 [emerg] 1#1: "server" directive is not allowed here in /etc/nginx/nginx.conf:1
2022/11/05 07:00:29 [emerg] 1#1: "server" directive is not allowed here in /etc/nginx/nginx.conf:1
2022/11/05 07:00:31 [emerg] 1#1: "server" directive is not allowed here in /etc/nginx/nginx.conf:1
2022/11/05 07:00:35 [emerg] 1#1: "server" directive is not allowed here in /etc/nginx/nginx.conf:1
2022/11/05 07:13:38 [emerg] 1#1: "map" directive is not allowed here in /etc/nginx/nginx.conf:24
2022/11/05 07:13:39 [emerg] 1#1: "map" directive is not allowed here in /etc/nginx/nginx.conf:24
2022/11/05 07:13:40 [emerg] 1#1: "map" directive is not allowed here in /etc/nginx/nginx.conf:24
2022/11/05 07:13:41 [emerg] 1#1: "map" directive is not allowed here in /etc/nginx/nginx.conf:24
2022/11/05 07:13:42 [emerg] 1#1: "map" directive is not allowed here in /etc/nginx/nginx.conf:24
2022/11/05 07:13:44 [emerg] 1#1: "map" directive is not allowed here in /etc/nginx/nginx.conf:24
2022/11/05 07:13:48 [emerg] 1#1: "map" directive is not allowed here in /etc/nginx/nginx.conf:24
2022/11/05 07:13:55 [emerg] 1#1: "map" directive is not allowed here in /etc/nginx/nginx.conf:24
2022/11/05 07:18:09 [emerg] 1#1: host not found in upstream "backend" in /etc/nginx/nginx.conf:52
2022/11/05 07:18:09 [emerg] 1#1: host not found in upstream "backend" in /etc/nginx/nginx.conf:52
2022/11/05 07:18:10 [emerg] 1#1: host not found in upstream "frontend" in /etc/nginx/nginx.conf:66
2022/11/05 07:18:11 [emerg] 1#1: host not found in upstream "frontend" in /etc/nginx/nginx.conf:66
2022/11/05 07:18:12 [emerg] 1#1: no "events" section in configuration
2022/11/05 07:18:14 [emerg] 1#1: no "events" section in configuration
2022/11/05 07:18:18 [emerg] 1#1: no "events" section in configuration
2022/11/05 07:18:25 [emerg] 1#1: no "events" section in configuration
2022/11/05 07:18:38 [emerg] 1#1: no "events" section in configuration
2022/11/05 07:19:05 [emerg] 1#1: no "events" section in configuration
2022/11/05 07:21:10 [emerg] 1#1: host not found in upstream "backend" in /etc/nginx/nginx.conf:57
2022/11/05 07:22:28 [alert] 28#28: 8 worker_connections are not enough
2022/11/05 07:22:28 [alert] 28#28: 8 worker_connections are not enough
2022/11/05 07:22:28 [alert] 28#28: 8 worker_connections are not enough
2022/11/05 07:22:28 [alert] 28#28: 8 worker_connections are not enough
2022/11/05 07:22:28 [alert] 28#28: 8 worker_connections are not enough
2022/11/05 07:22:38 [alert] 28#28: 8 worker_connections are not enough
2022/11/05 07:22:38 [alert] 28#28: 8 worker_connections are not enough
2022/11/05 07:22:38 [alert] 28#28: 8 worker_connections are not enough
2022/11/05 07:22:38 [alert] 28#28: 8 worker_connections are not enough
2022/11/05 07:22:38 [alert] 28#28: 8 worker_connections are not enough
2022/11/05 07:23:41 [alert] 28#28: 8 worker_connections are not enough
2022/11/05 07:23:41 [alert] 28#28: 8 worker_connections are not enough
2022/11/05 07:23:41 [alert] 28#28: 8 worker_connections are not enough
2022/11/05 07:23:41 [alert] 28#28: 8 worker_connections are not enough
2022/11/05 07:23:41 [alert] 28#28: 8 worker_connections are not enough
2022/11/05 07:23:41 [alert] 28#28: 8 worker_connections are not enough
2022/11/05 07:24:46 [alert] 28#28: 8 worker_connections are not enough
2022/11/05 07:24:46 [alert] 28#28: 8 worker_connections are not enough
2022/11/05 07:27:44 [emerg] 1#1: host not found in upstream "backend" in /etc/nginx/nginx.conf:57
2022/11/05 07:27:45 [emerg] 1#1: host not found in upstream "backend" in /etc/nginx/nginx.conf:57
2022/11/05 07:28:53 [alert] 22#22: 8 worker_connections are not enough
2022/11/05 07:28:53 [alert] 22#22: 8 worker_connections are not enough
2022/11/05 07:28:57 [alert] 22#22: 8 worker_connections are not enough
2022/11/05 07:28:57 [alert] 22#22: 8 worker_connections are not enough
2022/11/05 07:28:57 [alert] 22#22: 8 worker_connections are not enough
2022/11/05 07:28:57 [alert] 22#22: 8 worker_connections are not enough
2022/11/05 07:29:07 [alert] 22#22: 8 worker_connections are not enough
2022/11/05 07:29:57 [alert] 22#22: 8 worker_connections are not enough
2022/11/05 07:29:57 [alert] 22#22: 8 worker_connections are not enough
2022/11/05 07:34:19 [emerg] 1#1: host not found in upstream "backend" in /etc/nginx/nginx.conf:57
2022/11/05 07:34:20 [emerg] 1#1: host not found in upstream "frontend" in /etc/nginx/nginx.conf:71
2022/11/05 07:35:51 [alert] 25#25: 8 worker_connections are not enough
2022/11/05 07:35:51 [alert] 25#25: 8 worker_connections are not enough
2022/11/05 07:35:51 [alert] 25#25: 8 worker_connections are not enough
2022/11/05 07:35:51 [alert] 25#25: 8 worker_connections are not enough
2022/11/05 07:35:51 [alert] 25#25: 8 worker_connections are not enough
2022/11/05 07:36:12 [alert] 25#25: 8 worker_connections are not enough
2022/11/05 07:36:12 [alert] 25#25: 8 worker_connections are not enough
2022/11/05 07:36:12 [alert] 25#25: 8 worker_connections are not enough
2022/11/05 07:36:12 [alert] 25#25: 8 worker_connections are not enough
2022/11/05 07:36:12 [alert] 25#25: 8 worker_connections are not enough
2022/11/05 07:36:12 [alert] 25#25: 8 worker_connections are not enough
2022/11/05 07:36:25 [alert] 25#25: 8 worker_connections are not enough
2022/11/05 07:36:25 [alert] 25#25: 8 worker_connections are not enough
2022/11/05 07:36:25 [alert] 25#25: 8 worker_connections are not enough
2022/11/05 07:37:04 [alert] 25#25: 8 worker_connections are not enough
2022/11/05 07:37:04 [alert] 25#25: 8 worker_connections are not enough
2022/11/05 07:37:05 [alert] 25#25: 8 worker_connections are not enough
2022/11/05 07:38:50 [emerg] 1#1: host not found in upstream "backend" in /etc/nginx/nginx.conf:57
2022/11/05 07:38:50 [emerg] 1#1: host not found in upstream "backend" in /etc/nginx/nginx.conf:57
2022/11/05 07:38:51 [emerg] 1#1: host not found in upstream "frontend" in /etc/nginx/nginx.conf:71
2022/11/05 07:39:50 [alert] 22#22: 8 worker_connections are not enough
2022/11/05 07:39:50 [alert] 22#22: 8 worker_connections are not enough
2022/11/05 07:40:05 [alert] 22#22: 8 worker_connections are not enough
2022/11/05 07:40:05 [alert] 22#22: 8 worker_connections are not enough
2022/11/05 07:40:05 [alert] 22#22: 8 worker_connections are not enough
2022/11/05 07:40:05 [alert] 22#22: 8 worker_connections are not enough
2022/11/05 07:40:23 [alert] 22#22: 8 worker_connections are not enough
2022/11/05 07:40:23 [alert] 22#22: 8 worker_connections are not enough
2022/11/05 07:42:45 [alert] 22#22: 8 worker_connections are not enough
2022/11/05 07:42:45 [alert] 22#22: 8 worker_connections are not enough
2022/11/05 07:42:55 [alert] 22#22: 8 worker_connections are not enough
2022/11/05 07:43:10 [alert] 22#22: 8 worker_connections are not enough
2022/11/05 07:43:10 [alert] 22#22: 8 worker_connections are not enough
2022/11/05 07:43:13 [alert] 22#22: 8 worker_connections are not enough
2022/11/05 07:43:16 [alert] 22#22: 8 worker_connections are not enough
2022/11/05 07:43:16 [alert] 22#22: 8 worker_connections are not enough
2022/11/05 07:43:17 [alert] 22#22: 8 worker_connections are not enough
2022/11/05 07:43:46 [alert] 22#22: 8 worker_connections are not enough
2022/11/05 07:43:46 [alert] 22#22: 8 worker_connections are not enough
2022/11/05 07:46:25 [alert] 22#22: 8 worker_connections are not enough
2022/11/05 07:46:25 [alert] 22#22: 8 worker_connections are not enough
2022/11/05 07:46:27 [alert] 22#22: 8 worker_connections are not enough
2022/11/05 07:57:51 [alert] 22#22: 8 worker_connections are not enough
2022/11/05 07:57:51 [alert] 22#22: 8 worker_connections are not enough
2022/11/05 07:57:51 [alert] 22#22: 8 worker_connections are not enough
2022/11/05 07:58:04 [alert] 22#22: 8 worker_connections are not enough
2022/11/05 07:58:07 [alert] 22#22: 8 worker_connections are not enough
2022/11/05 07:58:07 [alert] 22#22: 8 worker_connections are not enough
2022/11/05 07:58:07 [alert] 22#22: 8 worker_connections are not enough
2022/11/05 07:58:07 [alert] 22#22: 8 worker_connections are not enough
2022/11/05 07:58:14 [alert] 22#22: 8 worker_connections are not enough
2022/11/05 07:58:14 [alert] 22#22: 8 worker_connections are not enough
2022/11/05 07:58:20 [alert] 22#22: 8 worker_connections are not enough
2022/11/05 07:58:20 [alert] 22#22: 8 worker_connections are not enough
2022/11/05 07:58:26 [alert] 22#22: 8 worker_connections are not enough
2022/11/05 07:58:31 [alert] 22#22: 8 worker_connections are not enough
2022/11/05 07:58:38 [alert] 22#22: 8 worker_connections are not enough
2022/11/05 07:58:50 [alert] 22#22: 8 worker_connections are not enough
2022/11/05 07:58:50 [alert] 22#22: 8 worker_connections are not enough
2022/11/05 07:58:50 [alert] 22#22: 8 worker_connections are not enough
2022/11/05 07:58:50 [alert] 22#22: 8 worker_connections are not enough
2022/11/05 11:35:04 [alert] 22#22: 8 worker_connections are not enough
2022/11/05 11:37:12 [emerg] 1#1: unknown "expires" variable
2022/11/05 11:37:13 [emerg] 1#1: unknown "expires" variable
2022/11/05 11:37:14 [emerg] 1#1: unknown "expires" variable
2022/11/05 11:37:15 [emerg] 1#1: unknown "expires" variable
2022/11/05 11:37:16 [emerg] 1#1: unknown "expires" variable
2022/11/05 11:37:18 [emerg] 1#1: unknown "expires" variable
2022/11/05 11:37:22 [emerg] 1#1: unknown "expires" variable
2022/11/05 11:40:39 [alert] 29#29: 8 worker_connections are not enough
2022/11/05 11:40:39 [alert] 29#29: 8 worker_connections are not enough
2022/11/05 11:40:39 [alert] 29#29: 8 worker_connections are not enough
2022/11/05 11:40:39 [alert] 29#29: 8 worker_connections are not enough
2022/11/05 11:40:48 [alert] 29#29: 8 worker_connections are not enough
2022/11/05 11:40:54 [alert] 29#29: 8 worker_connections are not enough
2022/11/05 11:40:54 [alert] 29#29: 8 worker_connections are not enough
2022/11/05 11:40:54 [alert] 29#29: 8 worker_connections are not enough
2022/11/05 11:40:54 [alert] 29#29: 8 worker_connections are not enough
2022/11/05 11:40:58 [alert] 29#29: 8 worker_connections are not enough
2022/11/05 11:41:00 [alert] 29#29: 8 worker_connections are not enough
2022/11/05 11:41:19 [alert] 29#29: 8 worker_connections are not enough
2022/11/05 11:41:19 [alert] 29#29: 8 worker_connections are not enough
2022/11/05 11:47:07 [emerg] 1#1: host not found in upstream "backend" in /etc/nginx/nginx.conf:58
2022/11/05 11:47:08 [emerg] 1#1: host not found in upstream "frontend" in /etc/nginx/nginx.conf:73
2022/11/05 11:51:05 [emerg] 1#1: host not found in upstream "backend" in /etc/nginx/nginx.conf:58
2022/11/05 11:51:06 [emerg] 1#1: host not found in upstream "frontend" in /etc/nginx/nginx.conf:73
2022/11/05 11:51:06 [emerg] 1#1: host not found in upstream "frontend" in /etc/nginx/nginx.conf:73
2022/11/05 16:39:54 [emerg] 1#1: host not found in upstream "backend" in /etc/nginx/nginx.conf:25
2022/11/05 16:39:54 [emerg] 1#1: host not found in upstream "backend" in /etc/nginx/nginx.conf:25
2022/11/06 10:02:00 [emerg] 1#1: host not found in upstream "backend" in /etc/nginx/nginx.conf:25
2022/11/06 10:02:01 [emerg] 1#1: host not found in upstream "backend" in /etc/nginx/nginx.conf:25
2022/11/06 10:02:02 [emerg] 1#1: host not found in upstream "frontend" in /etc/nginx/nginx.conf:40
2022/11/06 10:56:47 [emerg] 1#1: host not found in upstream "backend" in /etc/nginx/nginx.conf:28
2022/11/06 10:56:47 [emerg] 1#1: host not found in upstream "backend" in /etc/nginx/nginx.conf:28
2022/11/07 15:00:48 [emerg] 1#1: invalid number of arguments in "ssl_certificate" directive in /etc/nginx/nginx.conf:14
2022/11/07 15:00:49 [emerg] 1#1: invalid number of arguments in "ssl_certificate" directive in /etc/nginx/nginx.conf:14
2022/11/07 15:00:50 [emerg] 1#1: invalid number of arguments in "ssl_certificate" directive in /etc/nginx/nginx.conf:14
2022/11/07 15:00:51 [emerg] 1#1: invalid number of arguments in "ssl_certificate" directive in /etc/nginx/nginx.conf:14
2022/11/07 15:00:53 [emerg] 1#1: invalid number of arguments in "ssl_certificate" directive in /etc/nginx/nginx.conf:14
2022/11/07 15:00:55 [emerg] 1#1: invalid number of arguments in "ssl_certificate" directive in /etc/nginx/nginx.conf:14
2022/11/07 15:00:59 [emerg] 1#1: invalid number of arguments in "ssl_certificate" directive in /etc/nginx/nginx.conf:14
2022/11/07 15:01:06 [emerg] 1#1: invalid number of arguments in "ssl_certificate" directive in /etc/nginx/nginx.conf:14
2022/11/07 15:01:19 [emerg] 1#1: invalid number of arguments in "ssl_certificate" directive in /etc/nginx/nginx.conf:14
2022/11/07 15:01:45 [emerg] 1#1: invalid number of arguments in "ssl_certificate" directive in /etc/nginx/nginx.conf:14
2022/11/07 15:03:07 [emerg] 1#1: cannot load certificate "/etc/ssl/private/nginx.crt": BIO_new_file() failed (SSL: error:02001002:system library:fopen:No such file or directory:fopen('/etc/ssl/private/nginx.crt','r') error:2006D080:BIO routines:BIO_new_file:no such file)
2022/11/07 15:03:08 [emerg] 1#1: cannot load certificate "/etc/ssl/private/nginx.crt": BIO_new_file() failed (SSL: error:02001002:system library:fopen:No such file or directory:fopen('/etc/ssl/private/nginx.crt','r') error:2006D080:BIO routines:BIO_new_file:no such file)
2022/11/07 15:03:09 [emerg] 1#1: cannot load certificate "/etc/ssl/private/nginx.crt": BIO_new_file() failed (SSL: error:02001002:system library:fopen:No such file or directory:fopen('/etc/ssl/private/nginx.crt','r') error:2006D080:BIO routines:BIO_new_file:no such file)
2022/11/07 15:03:10 [emerg] 1#1: cannot load certificate "/etc/ssl/private/nginx.crt": BIO_new_file() failed (SSL: error:02001002:system library:fopen:No such file or directory:fopen('/etc/ssl/private/nginx.crt','r') error:2006D080:BIO routines:BIO_new_file:no such file)
2022/11/07 15:03:11 [emerg] 1#1: cannot load certificate "/etc/ssl/private/nginx.crt": BIO_new_file() failed (SSL: error:02001002:system library:fopen:No such file or directory:fopen('/etc/ssl/private/nginx.crt','r') error:2006D080:BIO routines:BIO_new_file:no such file)
2022/11/07 15:03:13 [emerg] 1#1: cannot load certificate "/etc/ssl/private/nginx.crt": BIO_new_file() failed (SSL: error:02001002:system library:fopen:No such file or directory:fopen('/etc/ssl/private/nginx.crt','r') error:2006D080:BIO routines:BIO_new_file:no such file)
2022/11/07 15:03:17 [emerg] 1#1: cannot load certificate "/etc/ssl/private/nginx.crt": BIO_new_file() failed (SSL: error:02001002:system library:fopen:No such file or directory:fopen('/etc/ssl/private/nginx.crt','r') error:2006D080:BIO routines:BIO_new_file:no such file)
2022/11/07 15:03:24 [emerg] 1#1: cannot load certificate "/etc/ssl/private/nginx.crt": BIO_new_file() failed (SSL: error:02001002:system library:fopen:No such file or directory:fopen('/etc/ssl/private/nginx.crt','r') error:2006D080:BIO routines:BIO_new_file:no such file)
2022/11/07 15:03:37 [emerg] 1#1: cannot load certificate "/etc/ssl/private/nginx.crt": BIO_new_file() failed (SSL: error:02001002:system library:fopen:No such file or directory:fopen('/etc/ssl/private/nginx.crt','r') error:2006D080:BIO routines:BIO_new_file:no such file)
2022/11/07 15:06:19 [emerg] 1#1: host not found in upstream "backend" in /etc/nginx/nginx.conf:32
2022/11/07 15:06:20 [emerg] 1#1: host not found in upstream "backend" in /etc/nginx/nginx.conf:32
2022/11/07 15:06:21 [emerg] 1#1: host not found in upstream "frontend" in /etc/nginx/nginx.conf:47
2022/11/08 08:39:37 [emerg] 1#1: invalid number of arguments in "root" directive in /etc/nginx/nginx.conf:16
2022/11/08 08:39:39 [emerg] 1#1: invalid number of arguments in "root" directive in /etc/nginx/nginx.conf:16
2022/11/08 08:39:40 [emerg] 1#1: invalid number of arguments in "root" directive in /etc/nginx/nginx.conf:16
2022/11/08 08:39:41 [emerg] 1#1: invalid number of arguments in "root" directive in /etc/nginx/nginx.conf:16
2022/11/08 08:39:42 [emerg] 1#1: invalid number of arguments in "root" directive in /etc/nginx/nginx.conf:16
2022/11/08 08:39:44 [emerg] 1#1: invalid number of arguments in "root" directive in /etc/nginx/nginx.conf:16
2022/11/08 08:39:48 [emerg] 1#1: invalid number of arguments in "root" directive in /etc/nginx/nginx.conf:16
2022/11/08 08:39:55 [emerg] 1#1: invalid number of arguments in "root" directive in /etc/nginx/nginx.conf:16
2022/11/08 08:41:04 [emerg] 1#1: unexpected "}" in /etc/nginx/nginx.conf:26
2022/11/08 08:41:05 [emerg] 1#1: unexpected "}" in /etc/nginx/nginx.conf:26
2022/11/08 08:41:06 [emerg] 1#1: unexpected "}" in /etc/nginx/nginx.conf:26
2022/11/08 08:41:07 [emerg] 1#1: unexpected "}" in /etc/nginx/nginx.conf:26
2022/11/08 08:41:08 [emerg] 1#1: unexpected "}" in /etc/nginx/nginx.conf:26
2022/11/08 08:41:10 [emerg] 1#1: unexpected "}" in /etc/nginx/nginx.conf:26
2022/11/08 08:43:09 [emerg] 1#1: unexpected "}" in /etc/nginx/nginx.conf:26
2022/11/08 08:43:10 [emerg] 1#1: unexpected "}" in /etc/nginx/nginx.conf:26
2022/11/08 08:43:11 [emerg] 1#1: unexpected "}" in /etc/nginx/nginx.conf:26
2022/11/08 08:43:12 [emerg] 1#1: unexpected "}" in /etc/nginx/nginx.conf:26
2022/11/08 08:43:13 [emerg] 1#1: unexpected "}" in /etc/nginx/nginx.conf:26
2022/11/08 08:44:12 [emerg] 1#1: host not found in upstream "backend" in /etc/nginx/nginx.conf:40
2022/11/08 08:44:12 [emerg] 1#1: host not found in upstream "backend" in /etc/nginx/nginx.conf:40
2022/11/08 08:48:37 [emerg] 1#1: host not found in upstream "backend" in /etc/nginx/nginx.conf:40
2022/11/08 09:38:58 [emerg] 1#1: invalid number of arguments in "try_files" directive in /etc/nginx/nginx.conf:25
2022/11/08 09:39:01 [emerg] 1#1: invalid number of arguments in "try_files" directive in /etc/nginx/nginx.conf:25
2022/11/08 09:39:04 [emerg] 1#1: invalid number of arguments in "try_files" directive in /etc/nginx/nginx.conf:25
2022/11/08 09:39:06 [emerg] 1#1: invalid number of arguments in "try_files" directive in /etc/nginx/nginx.conf:25
2022/11/08 09:39:09 [emerg] 1#1: invalid number of arguments in "try_files" directive in /etc/nginx/nginx.conf:25
2022/11/08 09:39:12 [emerg] 1#1: invalid number of arguments in "try_files" directive in /etc/nginx/nginx.conf:25
2022/11/08 09:39:16 [emerg] 1#1: invalid number of arguments in "try_files" directive in /etc/nginx/nginx.conf:25
2022/11/08 09:39:23 [emerg] 1#1: invalid number of arguments in "try_files" directive in /etc/nginx/nginx.conf:25
2022/11/08 09:39:37 [emerg] 1#1: invalid number of arguments in "try_files" directive in /etc/nginx/nginx.conf:25
2022/11/08 09:40:05 [emerg] 1#1: invalid number of arguments in "try_files" directive in /etc/nginx/nginx.conf:25
2022/11/08 09:40:56 [emerg] 1#1: invalid number of arguments in "try_files" directive in /etc/nginx/nginx.conf:25
2022/11/08 09:41:57 [emerg] 1#1: invalid number of arguments in "try_files" directive in /etc/nginx/nginx.conf:33
2022/11/08 09:42:58 [emerg] 1#1: invalid number of arguments in "try_files" directive in /etc/nginx/nginx.conf:33
2022/11/08 09:47:43 [emerg] 48#48: unexpected "}" in /etc/nginx/nginx.conf:35
2022/11/08 09:48:11 [emerg] 49#49: unknown directive "res" in /etc/nginx/nginx.conf:34
2022/11/08 10:28:30 [error] 281#281: *66 open() "/backend/uploads/api/uploads/41.jpg" failed (2: No such file or directory), client: 192.168.80.1, server: localhos, request: "GET /api/uploads/41.jpg HTTP/2.0", host: "localhost"
2022/11/08 10:28:35 [error] 281#281: *66 open() "/backend/uploads/api/uploads/41.jpg" failed (2: No such file or directory), client: 192.168.80.1, server: localhos, request: "GET /api/uploads/41.jpg HTTP/2.0", host: "localhost"
2022/11/08 10:29:29 [error] 298#298: *70 open() "/backend/uploads/api/uploads/41.jpg" failed (2: No such file or directory), client: 192.168.80.1, server: localhos, request: "GET /api/uploads/41.jpg HTTP/2.0", host: "localhost"
2022/11/08 10:29:35 [error] 298#298: *70 open() "/backend/uploads/api/uploads/41.jpg" failed (2: No such file or directory), client: 192.168.80.1, server: localhos, request: "GET /api/uploads/41.jpg HTTP/2.0", host: "localhost"
2022/11/08 10:31:59 [error] 317#317: *74 open() "/var/www/watch-shop/backend/uploads/api/uploads/41.jpg" failed (2: No such file or directory), client: 192.168.80.1, server: localhos, request: "GET /api/uploads/41.jpg HTTP/2.0", host: "localhost"
2022/11/08 10:38:06 [emerg] 1#1: unexpected "}" in /etc/nginx/nginx.conf:35
2022/11/08 10:38:33 [emerg] 378#378: invalid number of arguments in "try_files" directive in /etc/nginx/nginx.conf:34
2022/11/08 10:54:14 [emerg] 585#585: unknown "path" variable
2022/11/08 11:01:47 [emerg] 586#586: unknown "path" variable
2022/11/08 11:03:06 [emerg] 587#587: invalid number of arguments in "set" directive in /etc/nginx/nginx.conf:64
2022/11/08 11:06:00 [emerg] 1#1: unexpected "}" in /etc/nginx/nginx.conf:65
2022/11/08 11:07:25 [emerg] 662#662: unexpected "}" in /etc/nginx/nginx.conf:65
2022/11/08 11:08:36 [error] 695#695: *212 open() "/var/www/watch-shop/api/uploads/500" failed (2: No such file or directory), client: 192.168.80.1, server: localhos, request: "GET /api/uploads/500 HTTP/2.0", host: "localhost"
2022/11/08 11:08:36 [error] 695#695: *212 open() "/var/www/watch-shop/favicon.ico" failed (2: No such file or directory), client: 192.168.80.1, server: localhos, request: "GET /favicon.ico HTTP/2.0", host: "localhost", referrer: "https://localhost/api/uploads/500"
2022/11/08 11:23:57 [error] 845#845: *224 open() "/var/www/watch-shop/api/uploads/500" failed (2: No such file or directory), client: 192.168.80.1, server: localhos, request: "GET /api/uploads/500 HTTP/2.0", host: "localhost"
2022/11/08 11:24:05 [error] 845#845: *224 open() "/var/www/watch-shop/api/uploads/41.jpg" failed (2: No such file or directory), client: 192.168.80.1, server: localhos, request: "GET /api/uploads/41.jpg HTTP/2.0", host: "localhost"
2022/11/08 11:25:01 [emerg] 854#854: unexpected "}" in /etc/nginx/nginx.conf:68
2022/11/08 11:30:42 [emerg] 876#876: invalid number of arguments in "root" directive in /etc/nginx/nginx.conf:64
2022/11/08 11:31:59 [emerg] 898#898: unexpected "}" in /etc/nginx/nginx.conf:66
2022/11/08 11:32:56 [error] 933#933: *232 open() "/var/www/watch-shop/favicon.ico" failed (2: No such file or directory), client: 192.168.80.1, server: localhos, request: "GET /favicon.ico HTTP/2.0", host: "localhost", referrer: "https://localhost/api/uploads/41.jpg"
2022/11/08 12:06:10 [emerg] 1#1: host not found in upstream "backend" in /etc/nginx/nginx.conf:44
2022/11/08 12:06:10 [emerg] 1#1: host not found in upstream "backend" in /etc/nginx/nginx.conf:44
2022/11/08 12:06:11 [emerg] 1#1: host not found in upstream "frontend" in /etc/nginx/nginx.conf:59
2022/11/08 12:13:22 [emerg] 1#1: host not found in upstream "backend" in /etc/nginx/nginx.conf:44
2022/11/08 12:19:18 [emerg] 1#1: host not found in upstream "backend" in /etc/nginx/nginx.conf:44
2022/11/08 12:19:19 [emerg] 1#1: host not found in upstream "backend" in /etc/nginx/nginx.conf:44
2022/11/08 13:25:22 [error] 32#32: *2 upstream prematurely closed connection while reading response header from upstream, client: 192.168.160.1, server: localhos, request: "GET /catalog/remeshki-i-braslety/universalnye HTTP/2.0", upstream: "http://192.168.160.5:8080/catalog/remeshki-i-braslety/universalnye", host: "localhost"
2022/11/08 14:42:56 [emerg] 1#1: host not found in upstream "backend" in /etc/nginx/nginx.conf:46
2022/11/08 14:42:57 [emerg] 1#1: host not found in upstream "backend" in /etc/nginx/nginx.conf:46
2022/11/08 14:42:57 [emerg] 1#1: host not found in upstream "frontend" in /etc/nginx/nginx.conf:61
2022/11/08 15:37:55 [error] 55#55: *6 upstream prematurely closed connection while reading response header from upstream, client: 192.168.176.1, server: stage.rumaxoft.com, request: "GET / HTTP/2.0", upstream: "http://192.168.176.2:8080/", host: "localhost"
2022/11/08 16:32:14 [emerg] 1#1: "worker_processes" directive is not allowed here in /etc/nginx/conf.d/nginx.conf:1
2022/11/08 16:32:15 [emerg] 1#1: "worker_processes" directive is not allowed here in /etc/nginx/conf.d/nginx.conf:1
2022/11/08 16:32:16 [emerg] 1#1: "worker_processes" directive is not allowed here in /etc/nginx/conf.d/nginx.conf:1
2022/11/08 16:32:17 [emerg] 1#1: "worker_processes" directive is not allowed here in /etc/nginx/conf.d/nginx.conf:1
2022/11/08 16:32:18 [emerg] 1#1: "worker_processes" directive is not allowed here in /etc/nginx/conf.d/nginx.conf:1
2022/11/08 16:32:20 [emerg] 1#1: "worker_processes" directive is not allowed here in /etc/nginx/conf.d/nginx.conf:1
2022/11/08 16:32:24 [emerg] 1#1: "worker_processes" directive is not allowed here in /etc/nginx/conf.d/nginx.conf:1
2022/11/08 16:32:31 [emerg] 1#1: "worker_processes" directive is not allowed here in /etc/nginx/conf.d/nginx.conf:1
2022/11/08 16:32:44 [emerg] 1#1: "worker_processes" directive is not allowed here in /etc/nginx/conf.d/nginx.conf:1
2022/11/08 16:33:41 [emerg] 1#1: "worker_processes" directive is not allowed here in /etc/nginx/conf.d/nginx.conf:1
2022/11/08 16:33:42 [emerg] 1#1: "worker_processes" directive is not allowed here in /etc/nginx/conf.d/nginx.conf:1
2022/11/08 16:33:43 [emerg] 1#1: "worker_processes" directive is not allowed here in /etc/nginx/conf.d/nginx.conf:1
2022/11/08 16:33:44 [emerg] 1#1: "worker_processes" directive is not allowed here in /etc/nginx/conf.d/nginx.conf:1
2022/11/08 16:33:46 [emerg] 1#1: "worker_processes" directive is not allowed here in /etc/nginx/conf.d/nginx.conf:1
2022/11/08 16:33:48 [emerg] 1#1: "worker_processes" directive is not allowed here in /etc/nginx/conf.d/nginx.conf:1
2022/11/08 16:33:52 [emerg] 1#1: "worker_processes" directive is not allowed here in /etc/nginx/conf.d/nginx.conf:1
2022/11/08 16:33:59 [emerg] 1#1: "worker_processes" directive is not allowed here in /etc/nginx/conf.d/nginx.conf:1
2022/11/08 16:34:13 [emerg] 1#1: "worker_processes" directive is not allowed here in /etc/nginx/conf.d/nginx.conf:1
2022/11/08 16:34:39 [emerg] 1#1: "worker_processes" directive is not allowed here in /etc/nginx/conf.d/nginx.conf:1
2022/11/08 16:35:31 [emerg] 1#1: "worker_processes" directive is not allowed here in /etc/nginx/conf.d/nginx.conf:1
2022/11/08 16:36:31 [emerg] 1#1: "worker_processes" directive is not allowed here in /etc/nginx/conf.d/nginx.conf:1
2022/11/08 16:37:32 [emerg] 1#1: "worker_processes" directive is not allowed here in /etc/nginx/conf.d/nginx.conf:1
2022/11/08 16:42:47 [emerg] 1#1: "worker_processes" directive is not allowed here in /etc/nginx/conf.d/nginx.conf:1
2022/11/08 16:42:48 [emerg] 1#1: "worker_processes" directive is not allowed here in /etc/nginx/conf.d/nginx.conf:1
2022/11/08 16:42:49 [emerg] 1#1: "worker_processes" directive is not allowed here in /etc/nginx/conf.d/nginx.conf:1
2022/11/08 16:42:50 [emerg] 1#1: "worker_processes" directive is not allowed here in /etc/nginx/conf.d/nginx.conf:1
2022/11/08 16:42:51 [emerg] 1#1: "worker_processes" directive is not allowed here in /etc/nginx/conf.d/nginx.conf:1
2022/11/08 16:42:53 [emerg] 1#1: "worker_processes" directive is not allowed here in /etc/nginx/conf.d/nginx.conf:1
2022/11/08 16:42:57 [emerg] 1#1: "worker_processes" directive is not allowed here in /etc/nginx/conf.d/nginx.conf:1
2022/11/08 16:43:04 [emerg] 1#1: "worker_processes" directive is not allowed here in /etc/nginx/conf.d/nginx.conf:1
2022/11/08 16:43:18 [emerg] 1#1: "worker_processes" directive is not allowed here in /etc/nginx/conf.d/nginx.conf:1
2022/11/08 16:43:44 [emerg] 1#1: "worker_processes" directive is not allowed here in /etc/nginx/conf.d/nginx.conf:1
2022/11/08 16:44:36 [emerg] 1#1: "worker_processes" directive is not allowed here in /etc/nginx/conf.d/watch-shop.conf:1
2022/11/08 16:44:45 [emerg] 1#1: "worker_processes" directive is not allowed here in /etc/nginx/conf.d/watch-shop.conf:1
2022/11/08 16:44:46 [emerg] 1#1: "worker_processes" directive is not allowed here in /etc/nginx/conf.d/watch-shop.conf:1
2022/11/08 16:44:48 [emerg] 1#1: "worker_processes" directive is not allowed here in /etc/nginx/conf.d/watch-shop.conf:1
2022/11/08 16:44:48 [emerg] 1#1: "worker_processes" directive is not allowed here in /etc/nginx/conf.d/watch-shop.conf:1
2022/11/08 16:44:50 [emerg] 1#1: "worker_processes" directive is not allowed here in /etc/nginx/conf.d/watch-shop.conf:1
2022/11/08 16:44:52 [emerg] 1#1: "worker_processes" directive is not allowed here in /etc/nginx/conf.d/watch-shop.conf:1
2022/11/08 16:44:56 [emerg] 1#1: "worker_processes" directive is not allowed here in /etc/nginx/conf.d/watch-shop.conf:1
2022/11/08 16:45:03 [emerg] 1#1: "worker_processes" directive is not allowed here in /etc/nginx/conf.d/watch-shop.conf:1
2022/11/08 16:45:16 [emerg] 1#1: "worker_processes" directive is not allowed here in /etc/nginx/conf.d/watch-shop.conf:1
2022/11/08 16:45:42 [emerg] 1#1: "worker_processes" directive is not allowed here in /etc/nginx/conf.d/watch-shop.conf:1
2022/11/08 16:46:34 [emerg] 1#1: "worker_processes" directive is not allowed here in /etc/nginx/conf.d/watch-shop.conf:1
2022/11/08 16:47:34 [emerg] 1#1: "worker_processes" directive is not allowed here in /etc/nginx/conf.d/watch-shop.conf:1
2022/11/08 16:48:35 [emerg] 1#1: "worker_processes" directive is not allowed here in /etc/nginx/conf.d/watch-shop.conf:1
2022/11/08 16:49:08 [emerg] 1#1: "worker_processes" directive is not allowed here in /etc/nginx/conf.d/default.conf:1
2022/11/08 16:49:08 [emerg] 1#1: "worker_processes" directive is not allowed here in /etc/nginx/conf.d/default.conf:1
2022/11/08 16:49:09 [emerg] 1#1: "worker_processes" directive is not allowed here in /etc/nginx/conf.d/default.conf:1
2022/11/08 16:49:10 [emerg] 1#1: "worker_processes" directive is not allowed here in /etc/nginx/conf.d/default.conf:1
2022/11/08 16:49:12 [emerg] 1#1: "worker_processes" directive is not allowed here in /etc/nginx/conf.d/default.conf:1
2022/11/08 16:49:14 [emerg] 1#1: "worker_processes" directive is not allowed here in /etc/nginx/conf.d/default.conf:1
2022/11/08 16:49:17 [emerg] 1#1: "worker_processes" directive is not allowed here in /etc/nginx/conf.d/default.conf:1
2022/11/08 16:49:24 [emerg] 1#1: "worker_processes" directive is not allowed here in /etc/nginx/conf.d/default.conf:1
2022/11/08 16:49:37 [emerg] 1#1: "worker_processes" directive is not allowed here in /etc/nginx/conf.d/default.conf:1
2022/11/08 16:50:04 [emerg] 1#1: "worker_processes" directive is not allowed here in /etc/nginx/conf.d/default.conf:1
2022/11/08 16:50:55 [emerg] 1#1: "worker_processes" directive is not allowed here in /etc/nginx/conf.d/default.conf:1
2022/11/08 16:51:56 [emerg] 1#1: "worker_processes" directive is not allowed here in /etc/nginx/conf.d/default.conf:1
2022/11/08 16:52:56 [emerg] 1#1: "worker_processes" directive is not allowed here in /etc/nginx/conf.d/default.conf:1
2022/11/08 16:53:57 [emerg] 1#1: "worker_processes" directive is not allowed here in /etc/nginx/conf.d/default.conf:1
2022/11/08 16:54:57 [emerg] 1#1: "worker_processes" directive is not allowed here in /etc/nginx/conf.d/default.conf:1
2022/11/08 16:55:58 [emerg] 1#1: "worker_processes" directive is not allowed here in /etc/nginx/conf.d/default.conf:1
2022/11/08 16:56:58 [emerg] 1#1: "worker_processes" directive is not allowed here in /etc/nginx/conf.d/default.conf:1
2022/11/08 16:57:59 [emerg] 1#1: "worker_processes" directive is not allowed here in /etc/nginx/conf.d/default.conf:1
2022/11/08 16:58:59 [emerg] 1#1: "worker_processes" directive is not allowed here in /etc/nginx/conf.d/default.conf:1
2022/11/08 17:00:00 [emerg] 1#1: "worker_processes" directive is not allowed here in /etc/nginx/conf.d/default.conf:1
2022/11/08 17:01:00 [emerg] 1#1: "worker_processes" directive is not allowed here in /etc/nginx/conf.d/default.conf:1
2022/11/08 17:02:01 [emerg] 1#1: "worker_processes" directive is not allowed here in /etc/nginx/conf.d/default.conf:1
2022/11/08 17:03:01 [emerg] 1#1: "worker_processes" directive is not allowed here in /etc/nginx/conf.d/default.conf:1
2022/11/08 17:04:02 [emerg] 1#1: "worker_processes" directive is not allowed here in /etc/nginx/conf.d/default.conf:1
2022/11/08 17:05:02 [emerg] 1#1: "worker_processes" directive is not allowed here in /etc/nginx/conf.d/default.conf:1
2022/11/08 17:06:03 [emerg] 1#1: "worker_processes" directive is not allowed here in /etc/nginx/conf.d/default.conf:1
2022/11/08 17:07:04 [emerg] 1#1: "worker_processes" directive is not allowed here in /etc/nginx/conf.d/default.conf:1
2022/11/08 17:08:04 [emerg] 1#1: "worker_processes" directive is not allowed here in /etc/nginx/conf.d/default.conf:1
2022/11/08 17:09:05 [emerg] 1#1: "worker_processes" directive is not allowed here in /etc/nginx/conf.d/default.conf:1
2022/11/08 17:10:06 [emerg] 1#1: "worker_processes" directive is not allowed here in /etc/nginx/conf.d/default.conf:1
2022/11/08 17:11:07 [emerg] 1#1: "worker_processes" directive is not allowed here in /etc/nginx/conf.d/default.conf:1
2022/11/08 17:12:07 [emerg] 1#1: "worker_processes" directive is not allowed here in /etc/nginx/conf.d/default.conf:1
2022/11/08 17:13:08 [emerg] 1#1: "worker_processes" directive is not allowed here in /etc/nginx/conf.d/default.conf:1
2022/11/08 17:14:08 [emerg] 1#1: "worker_processes" directive is not allowed here in /etc/nginx/conf.d/default.conf:1
2022/11/08 17:15:09 [emerg] 1#1: "worker_processes" directive is not allowed here in /etc/nginx/conf.d/default.conf:1
2022/11/08 17:53:43 [emerg] 1#1: "worker_processes" directive is not allowed here in /etc/nginx/conf.d/default.conf:1
2022/11/08 17:54:43 [emerg] 1#1: "worker_processes" directive is not allowed here in /etc/nginx/conf.d/default.conf:1
2022/11/08 17:55:44 [emerg] 1#1: "worker_processes" directive is not allowed here in /etc/nginx/conf.d/default.conf:1
2022/11/08 17:56:44 [emerg] 1#1: "worker_processes" directive is not allowed here in /etc/nginx/conf.d/default.conf:1
2022/11/08 17:57:45 [emerg] 1#1: "worker_processes" directive is not allowed here in /etc/nginx/conf.d/default.conf:1
2022/11/08 17:58:45 [emerg] 1#1: "worker_processes" directive is not allowed here in /etc/nginx/conf.d/default.conf:1
2022/11/08 17:59:46 [emerg] 1#1: "worker_processes" directive is not allowed here in /etc/nginx/conf.d/default.conf:1
2022/11/08 18:00:46 [emerg] 1#1: "worker_processes" directive is not allowed here in /etc/nginx/conf.d/default.conf:1
2022/11/08 18:01:47 [emerg] 1#1: "worker_processes" directive is not allowed here in /etc/nginx/conf.d/default.conf:1
2022/11/08 18:02:48 [emerg] 1#1: "worker_processes" directive is not allowed here in /etc/nginx/conf.d/default.conf:1
2022/11/08 18:03:48 [emerg] 1#1: "worker_processes" directive is not allowed here in /etc/nginx/conf.d/default.conf:1
2022/11/08 18:04:49 [emerg] 1#1: "worker_processes" directive is not allowed here in /etc/nginx/conf.d/default.conf:1
2022/11/08 18:05:50 [emerg] 1#1: "worker_processes" directive is not allowed here in /etc/nginx/conf.d/default.conf:1
2022/11/08 18:06:50 [emerg] 1#1: "worker_processes" directive is not allowed here in /etc/nginx/conf.d/default.conf:1
2022/11/08 18:07:51 [emerg] 1#1: "worker_processes" directive is not allowed here in /etc/nginx/conf.d/default.conf:1
2022/11/08 18:08:51 [emerg] 1#1: "worker_processes" directive is not allowed here in /etc/nginx/conf.d/default.conf:1
2022/11/08 18:09:52 [emerg] 1#1: "worker_processes" directive is not allowed here in /etc/nginx/conf.d/default.conf:1
2022/11/08 18:10:52 [emerg] 1#1: "worker_processes" directive is not allowed here in /etc/nginx/conf.d/default.conf:1
2022/11/08 18:11:53 [emerg] 1#1: "worker_processes" directive is not allowed here in /etc/nginx/conf.d/default.conf:1
2022/11/08 18:12:53 [emerg] 1#1: "worker_processes" directive is not allowed here in /etc/nginx/conf.d/default.conf:1
2022/11/08 18:13:54 [emerg] 1#1: "worker_processes" directive is not allowed here in /etc/nginx/conf.d/default.conf:1
2022/11/08 18:14:54 [emerg] 1#1: "worker_processes" directive is not allowed here in /etc/nginx/conf.d/default.conf:1
2022/11/08 18:15:55 [emerg] 1#1: "worker_processes" directive is not allowed here in /etc/nginx/conf.d/default.conf:1
2022/11/08 18:16:55 [emerg] 1#1: "server" directive is not allowed here in /etc/nginx/conf.d/default.conf:7
2022/11/08 18:17:06 [emerg] 1#1: "server" directive is not allowed here in /etc/nginx/conf.d/default.conf:7
2022/11/08 18:17:06 [emerg] 1#1: "server" directive is not allowed here in /etc/nginx/conf.d/default.conf:7
2022/11/08 18:17:07 [emerg] 1#1: "server" directive is not allowed here in /etc/nginx/conf.d/default.conf:7
2022/11/08 18:17:08 [emerg] 1#1: "server" directive is not allowed here in /etc/nginx/conf.d/default.conf:7
2022/11/08 18:17:10 [emerg] 1#1: "server" directive is not allowed here in /etc/nginx/conf.d/default.conf:7
2022/11/08 18:17:12 [emerg] 1#1: "server" directive is not allowed here in /etc/nginx/conf.d/default.conf:7
2022/11/08 18:17:15 [emerg] 1#1: "server" directive is not allowed here in /etc/nginx/conf.d/default.conf:7
2022/11/08 18:17:22 [emerg] 1#1: "server" directive is not allowed here in /etc/nginx/conf.d/default.conf:7
2022/11/08 18:17:36 [emerg] 1#1: "server" directive is not allowed here in /etc/nginx/conf.d/default.conf:7
2022/11/08 18:18:02 [emerg] 1#1: "server" directive is not allowed here in /etc/nginx/conf.d/default.conf:7
2022/11/08 18:18:53 [emerg] 1#1: "server" directive is not allowed here in /etc/nginx/conf.d/default.conf:7
2022/11/08 18:19:54 [emerg] 1#1: "server" directive is not allowed here in /etc/nginx/conf.d/default.conf:7
2022/11/08 18:20:54 [emerg] 1#1: "server" directive is not allowed here in /etc/nginx/conf.d/default.conf:7
2022/11/08 18:21:55 [emerg] 1#1: "server" directive is not allowed here in /etc/nginx/conf.d/default.conf:7
2022/11/08 18:22:55 [emerg] 1#1: "server" directive is not allowed here in /etc/nginx/conf.d/default.conf:7
2022/11/08 18:23:56 [emerg] 1#1: "server" directive is not allowed here in /etc/nginx/conf.d/default.conf:7
2022/11/08 18:24:56 [emerg] 1#1: "server" directive is not allowed here in /etc/nginx/conf.d/default.conf:7
2022/11/08 18:25:57 [emerg] 1#1: "server" directive is not allowed here in /etc/nginx/conf.d/default.conf:7
2022/11/08 18:26:57 [emerg] 1#1: "server" directive is not allowed here in /etc/nginx/conf.d/default.conf:7
2022/11/08 18:27:59 [emerg] 1#1: "server" directive is not allowed here in /etc/nginx/conf.d/default.conf:7
2022/11/08 18:29:00 [emerg] 1#1: "server" directive is not allowed here in /etc/nginx/conf.d/default.conf:7
2022/11/08 18:30:00 [emerg] 1#1: "server" directive is not allowed here in /etc/nginx/conf.d/default.conf:7
2022/11/08 18:31:01 [emerg] 1#1: "server" directive is not allowed here in /etc/nginx/conf.d/default.conf:7
2022/11/08 18:32:01 [emerg] 1#1: "server" directive is not allowed here in /etc/nginx/conf.d/default.conf:7
2022/11/08 18:33:02 [emerg] 1#1: "server" directive is not allowed here in /etc/nginx/conf.d/default.conf:7
2022/11/08 18:34:02 [emerg] 1#1: "server" directive is not allowed here in /etc/nginx/conf.d/default.conf:7
2022/11/08 18:35:02 [emerg] 1#1: "server" directive is not allowed here in /etc/nginx/conf.d/default.conf:7
2022/11/08 18:36:03 [emerg] 1#1: "server" directive is not allowed here in /etc/nginx/conf.d/default.conf:7
2022/11/08 18:37:04 [emerg] 1#1: "server" directive is not allowed here in /etc/nginx/conf.d/default.conf:7
2022/11/08 18:38:04 [emerg] 1#1: "server" directive is not allowed here in /etc/nginx/conf.d/default.conf:7
2022/11/08 18:39:05 [emerg] 1#1: "server" directive is not allowed here in /etc/nginx/conf.d/default.conf:7
2022/11/08 18:40:05 [emerg] 1#1: "server" directive is not allowed here in /etc/nginx/conf.d/default.conf:7
2022/11/08 18:41:05 [emerg] 1#1: "server" directive is not allowed here in /etc/nginx/conf.d/default.conf:7
2022/11/08 18:42:06 [emerg] 1#1: "server" directive is not allowed here in /etc/nginx/conf.d/default.conf:7
2022/11/08 18:43:06 [emerg] 1#1: "server" directive is not allowed here in /etc/nginx/conf.d/default.conf:7
2022/11/08 18:44:07 [emerg] 1#1: "server" directive is not allowed here in /etc/nginx/conf.d/default.conf:7
2022/11/08 18:45:07 [emerg] 1#1: "server" directive is not allowed here in /etc/nginx/conf.d/default.conf:7
2022/11/08 18:46:08 [emerg] 1#1: "server" directive is not allowed here in /etc/nginx/conf.d/default.conf:7
2022/11/08 18:47:08 [emerg] 1#1: "server" directive is not allowed here in /etc/nginx/conf.d/default.conf:7
2022/11/08 18:48:09 [emerg] 1#1: "server" directive is not allowed here in /etc/nginx/conf.d/default.conf:7
2022/11/08 18:49:09 [emerg] 1#1: "server" directive is not allowed here in /etc/nginx/conf.d/default.conf:7
2022/11/08 18:50:10 [emerg] 1#1: "server" directive is not allowed here in /etc/nginx/conf.d/default.conf:7
2022/11/08 18:51:10 [emerg] 1#1: "server" directive is not allowed here in /etc/nginx/conf.d/default.conf:7
2022/11/08 18:52:11 [emerg] 1#1: "server" directive is not allowed here in /etc/nginx/conf.d/default.conf:7
2022/11/08 18:53:11 [emerg] 1#1: "server" directive is not allowed here in /etc/nginx/conf.d/default.conf:7
2022/11/08 18:54:12 [emerg] 1#1: "server" directive is not allowed here in /etc/nginx/conf.d/default.conf:7
2022/11/08 18:55:12 [emerg] 1#1: "server" directive is not allowed here in /etc/nginx/conf.d/default.conf:7
2022/11/08 18:56:13 [emerg] 1#1: "server" directive is not allowed here in /etc/nginx/conf.d/default.conf:7
2022/11/08 18:57:13 [emerg] 1#1: "server" directive is not allowed here in /etc/nginx/conf.d/default.conf:7
2022/11/08 18:58:14 [emerg] 1#1: "server" directive is not allowed here in /etc/nginx/conf.d/default.conf:7
2022/11/08 18:59:14 [emerg] 1#1: "server" directive is not allowed here in /etc/nginx/conf.d/default.conf:7
2022/11/08 19:00:15 [emerg] 1#1: "server" directive is not allowed here in /etc/nginx/conf.d/default.conf:7
2022/11/08 19:01:15 [emerg] 1#1: "server" directive is not allowed here in /etc/nginx/conf.d/default.conf:7
2022/11/08 19:02:15 [emerg] 1#1: "server" directive is not allowed here in /etc/nginx/conf.d/default.conf:7
2022/11/08 19:03:16 [emerg] 1#1: "server" directive is not allowed here in /etc/nginx/conf.d/default.conf:7
2022/11/08 19:04:16 [emerg] 1#1: "server" directive is not allowed here in /etc/nginx/conf.d/default.conf:7
2022/11/08 19:05:17 [emerg] 1#1: "server" directive is not allowed here in /etc/nginx/conf.d/default.conf:7
2022/11/08 19:06:17 [emerg] 1#1: "server" directive is not allowed here in /etc/nginx/conf.d/default.conf:7
2022/11/08 19:07:18 [emerg] 1#1: "server" directive is not allowed here in /etc/nginx/conf.d/default.conf:7
2022/11/08 19:08:18 [emerg] 1#1: "server" directive is not allowed here in /etc/nginx/conf.d/default.conf:7
2022/11/08 19:09:19 [emerg] 1#1: "server" directive is not allowed here in /etc/nginx/conf.d/default.conf:7
2022/11/08 19:10:19 [emerg] 1#1: "server" directive is not allowed here in /etc/nginx/conf.d/default.conf:7
2022/11/08 19:11:20 [emerg] 1#1: "server" directive is not allowed here in /etc/nginx/conf.d/default.conf:7
2022/11/08 19:12:20 [emerg] 1#1: "server" directive is not allowed here in /etc/nginx/conf.d/default.conf:7
2022/11/08 19:13:21 [emerg] 1#1: "server" directive is not allowed here in /etc/nginx/conf.d/default.conf:7
2022/11/08 19:14:21 [emerg] 1#1: "server" directive is not allowed here in /etc/nginx/conf.d/default.conf:7
2022/11/08 19:15:22 [emerg] 1#1: "server" directive is not allowed here in /etc/nginx/conf.d/default.conf:7
2022/11/08 19:16:22 [emerg] 1#1: "server" directive is not allowed here in /etc/nginx/conf.d/default.conf:7
2022/11/08 19:17:23 [emerg] 1#1: "server" directive is not allowed here in /etc/nginx/conf.d/default.conf:7
2022/11/08 19:18:23 [emerg] 1#1: "server" directive is not allowed here in /etc/nginx/conf.d/default.conf:7
2022/11/08 19:19:24 [emerg] 1#1: "server" directive is not allowed here in /etc/nginx/conf.d/default.conf:7
2022/11/08 19:20:24 [emerg] 1#1: "server" directive is not allowed here in /etc/nginx/conf.d/default.conf:7
2022/11/08 19:21:24 [emerg] 1#1: "server" directive is not allowed here in /etc/nginx/conf.d/default.conf:7
2022/11/08 19:22:25 [emerg] 1#1: "server" directive is not allowed here in /etc/nginx/conf.d/default.conf:7
2022/11/08 19:23:25 [emerg] 1#1: "server" directive is not allowed here in /etc/nginx/conf.d/default.conf:7
2022/11/08 19:24:26 [emerg] 1#1: "server" directive is not allowed here in /etc/nginx/conf.d/default.conf:7
2022/11/08 19:25:26 [emerg] 1#1: "server" directive is not allowed here in /etc/nginx/conf.d/default.conf:7
2022/11/08 19:26:27 [emerg] 1#1: "server" directive is not allowed here in /etc/nginx/conf.d/default.conf:7
2022/11/08 19:27:27 [emerg] 1#1: "server" directive is not allowed here in /etc/nginx/conf.d/default.conf:7
2022/11/08 19:28:28 [emerg] 1#1: "server" directive is not allowed here in /etc/nginx/conf.d/default.conf:7
2022/11/08 19:29:28 [emerg] 1#1: "server" directive is not allowed here in /etc/nginx/conf.d/default.conf:7
2022/11/08 19:30:29 [emerg] 1#1: "server" directive is not allowed here in /etc/nginx/conf.d/default.conf:7
2022/11/08 19:31:29 [emerg] 1#1: "server" directive is not allowed here in /etc/nginx/conf.d/default.conf:7
2022/11/08 19:32:30 [emerg] 1#1: "server" directive is not allowed here in /etc/nginx/conf.d/default.conf:7
2022/11/08 19:33:30 [emerg] 1#1: "server" directive is not allowed here in /etc/nginx/conf.d/default.conf:7
2022/11/08 19:34:31 [emerg] 1#1: "server" directive is not allowed here in /etc/nginx/conf.d/default.conf:7
2022/11/08 19:35:31 [emerg] 1#1: "server" directive is not allowed here in /etc/nginx/conf.d/default.conf:7
2022/11/08 19:36:32 [emerg] 1#1: "server" directive is not allowed here in /etc/nginx/conf.d/default.conf:7
2022/11/08 19:37:32 [emerg] 1#1: "server" directive is not allowed here in /etc/nginx/conf.d/default.conf:7
2022/11/08 19:38:33 [emerg] 1#1: "server" directive is not allowed here in /etc/nginx/conf.d/default.conf:7
2022/11/08 19:39:33 [emerg] 1#1: "server" directive is not allowed here in /etc/nginx/conf.d/default.conf:7
2022/11/08 19:40:34 [emerg] 1#1: "server" directive is not allowed here in /etc/nginx/conf.d/default.conf:7
2022/11/08 19:41:34 [emerg] 1#1: "server" directive is not allowed here in /etc/nginx/conf.d/default.conf:7
2022/11/08 19:42:34 [emerg] 1#1: "server" directive is not allowed here in /etc/nginx/conf.d/default.conf:7
2022/11/08 19:43:35 [emerg] 1#1: "server" directive is not allowed here in /etc/nginx/conf.d/default.conf:7
2022/11/08 19:44:35 [emerg] 1#1: "server" directive is not allowed here in /etc/nginx/conf.d/default.conf:7
2022/11/08 19:45:36 [emerg] 1#1: "server" directive is not allowed here in /etc/nginx/conf.d/default.conf:7
2022/11/08 19:46:36 [emerg] 1#1: "server" directive is not allowed here in /etc/nginx/conf.d/default.conf:7
2022/11/08 19:47:37 [emerg] 1#1: "server" directive is not allowed here in /etc/nginx/conf.d/default.conf:7
2022/11/08 19:48:37 [emerg] 1#1: "server" directive is not allowed here in /etc/nginx/conf.d/default.conf:7
2022/11/08 19:49:38 [emerg] 1#1: "server" directive is not allowed here in /etc/nginx/conf.d/default.conf:7
2022/11/08 19:50:38 [emerg] 1#1: "server" directive is not allowed here in /etc/nginx/conf.d/default.conf:7
2022/11/08 19:51:39 [emerg] 1#1: "server" directive is not allowed here in /etc/nginx/conf.d/default.conf:7
2022/11/08 19:52:39 [emerg] 1#1: "server" directive is not allowed here in /etc/nginx/conf.d/default.conf:7
2022/11/08 19:53:40 [emerg] 1#1: "server" directive is not allowed here in /etc/nginx/conf.d/default.conf:7
2022/11/08 19:54:40 [emerg] 1#1: "server" directive is not allowed here in /etc/nginx/conf.d/default.conf:7
2022/11/08 19:55:41 [emerg] 1#1: "server" directive is not allowed here in /etc/nginx/conf.d/default.conf:7
2022/11/08 19:56:41 [emerg] 1#1: "server" directive is not allowed here in /etc/nginx/conf.d/default.conf:7
2022/11/08 19:57:42 [emerg] 1#1: "server" directive is not allowed here in /etc/nginx/conf.d/default.conf:7
2022/11/08 19:58:42 [emerg] 1#1: "server" directive is not allowed here in /etc/nginx/conf.d/default.conf:7
2022/11/08 19:59:43 [emerg] 1#1: "server" directive is not allowed here in /etc/nginx/conf.d/default.conf:7
2022/11/08 20:00:43 [emerg] 1#1: "server" directive is not allowed here in /etc/nginx/conf.d/default.conf:7
2022/11/08 20:01:44 [emerg] 1#1: "server" directive is not allowed here in /etc/nginx/conf.d/default.conf:7
2022/11/08 20:02:44 [emerg] 1#1: "server" directive is not allowed here in /etc/nginx/conf.d/default.conf:7
2022/11/08 20:03:45 [emerg] 1#1: "server" directive is not allowed here in /etc/nginx/conf.d/default.conf:7
2022/11/08 20:04:45 [emerg] 1#1: "server" directive is not allowed here in /etc/nginx/conf.d/default.conf:7
2022/11/08 20:05:46 [emerg] 1#1: "server" directive is not allowed here in /etc/nginx/conf.d/default.conf:7
2022/11/08 20:06:46 [emerg] 1#1: "server" directive is not allowed here in /etc/nginx/conf.d/default.conf:7
2022/11/08 20:07:47 [emerg] 1#1: "server" directive is not allowed here in /etc/nginx/conf.d/default.conf:7
2022/11/08 20:08:47 [emerg] 1#1: "server" directive is not allowed here in /etc/nginx/conf.d/default.conf:7
2022/11/08 20:09:48 [emerg] 1#1: "server" directive is not allowed here in /etc/nginx/conf.d/default.conf:7
2022/11/08 20:10:48 [emerg] 1#1: "server" directive is not allowed here in /etc/nginx/conf.d/default.conf:7
2022/11/08 20:11:49 [emerg] 1#1: "server" directive is not allowed here in /etc/nginx/conf.d/default.conf:7
2022/11/08 20:12:49 [emerg] 1#1: "server" directive is not allowed here in /etc/nginx/conf.d/default.conf:7
2022/11/08 20:13:50 [emerg] 1#1: "server" directive is not allowed here in /etc/nginx/conf.d/default.conf:7
2022/11/08 20:14:50 [emerg] 1#1: "server" directive is not allowed here in /etc/nginx/conf.d/default.conf:7
2022/11/08 20:15:51 [emerg] 1#1: "server" directive is not allowed here in /etc/nginx/conf.d/default.conf:7
2022/11/08 20:16:51 [emerg] 1#1: "server" directive is not allowed here in /etc/nginx/conf.d/default.conf:7
2022/11/08 20:17:52 [emerg] 1#1: "server" directive is not allowed here in /etc/nginx/conf.d/default.conf:7
2022/11/08 20:18:52 [emerg] 1#1: "server" directive is not allowed here in /etc/nginx/conf.d/default.conf:7
2022/11/08 20:19:52 [emerg] 1#1: "server" directive is not allowed here in /etc/nginx/conf.d/default.conf:7
2022/11/08 20:20:53 [emerg] 1#1: "server" directive is not allowed here in /etc/nginx/conf.d/default.conf:7
2022/11/08 20:21:54 [emerg] 1#1: "server" directive is not allowed here in /etc/nginx/conf.d/default.conf:7
2022/11/08 20:22:54 [emerg] 1#1: "server" directive is not allowed here in /etc/nginx/conf.d/default.conf:7
2022/11/08 20:23:55 [emerg] 1#1: "server" directive is not allowed here in /etc/nginx/conf.d/default.conf:7
2022/11/08 20:24:56 [emerg] 1#1: "server" directive is not allowed here in /etc/nginx/conf.d/default.conf:7
2022/11/08 20:25:56 [emerg] 1#1: "server" directive is not allowed here in /etc/nginx/conf.d/default.conf:7
2022/11/08 20:26:57 [emerg] 1#1: "server" directive is not allowed here in /etc/nginx/conf.d/default.conf:7
2022/11/08 20:27:58 [emerg] 1#1: "server" directive is not allowed here in /etc/nginx/conf.d/default.conf:7
2022/11/08 20:28:59 [emerg] 1#1: "server" directive is not allowed here in /etc/nginx/conf.d/default.conf:7
2022/11/08 20:29:59 [emerg] 1#1: "server" directive is not allowed here in /etc/nginx/conf.d/default.conf:7
2022/11/08 20:31:01 [emerg] 1#1: "server" directive is not allowed here in /etc/nginx/conf.d/default.conf:7
2022/11/08 20:32:02 [emerg] 1#1: "server" directive is not allowed here in /etc/nginx/conf.d/default.conf:7
2022/11/08 20:33:03 [emerg] 1#1: "server" directive is not allowed here in /etc/nginx/conf.d/default.conf:7
2022/11/08 20:34:03 [emerg] 1#1: "server" directive is not allowed here in /etc/nginx/conf.d/default.conf:7
2022/11/08 20:35:04 [emerg] 1#1: "server" directive is not allowed here in /etc/nginx/conf.d/default.conf:7
2022/11/08 20:36:04 [emerg] 1#1: "server" directive is not allowed here in /etc/nginx/conf.d/default.conf:7
2022/11/08 20:37:05 [emerg] 1#1: "server" directive is not allowed here in /etc/nginx/conf.d/default.conf:7
2022/11/08 20:38:06 [emerg] 1#1: "server" directive is not allowed here in /etc/nginx/conf.d/default.conf:7
2022/11/08 20:39:07 [emerg] 1#1: "server" directive is not allowed here in /etc/nginx/conf.d/default.conf:7
2022/11/08 20:40:08 [emerg] 1#1: "server" directive is not allowed here in /etc/nginx/conf.d/default.conf:7
2022/11/08 20:41:09 [emerg] 1#1: "server" directive is not allowed here in /etc/nginx/conf.d/default.conf:7
2022/11/08 20:42:10 [emerg] 1#1: "server" directive is not allowed here in /etc/nginx/conf.d/default.conf:7
2022/11/08 20:43:11 [emerg] 1#1: "server" directive is not allowed here in /etc/nginx/conf.d/default.conf:7
2022/11/08 20:44:11 [emerg] 1#1: "server" directive is not allowed here in /etc/nginx/conf.d/default.conf:7
2022/11/08 20:45:12 [emerg] 1#1: "server" directive is not allowed here in /etc/nginx/conf.d/default.conf:7
2022/11/08 20:46:12 [emerg] 1#1: "server" directive is not allowed here in /etc/nginx/conf.d/default.conf:7
2022/11/08 20:47:14 [emerg] 1#1: "server" directive is not allowed here in /etc/nginx/conf.d/default.conf:7
2022/11/08 20:48:14 [emerg] 1#1: "server" directive is not allowed here in /etc/nginx/conf.d/default.conf:7
2022/11/08 20:49:15 [emerg] 1#1: "server" directive is not allowed here in /etc/nginx/conf.d/default.conf:7
2022/11/08 20:50:15 [emerg] 1#1: "server" directive is not allowed here in /etc/nginx/conf.d/default.conf:7
2022/11/08 20:51:16 [emerg] 1#1: "server" directive is not allowed here in /etc/nginx/conf.d/default.conf:7
2022/11/08 20:52:16 [emerg] 1#1: "server" directive is not allowed here in /etc/nginx/conf.d/default.conf:7
2022/11/08 20:53:17 [emerg] 1#1: "server" directive is not allowed here in /etc/nginx/conf.d/default.conf:7
2022/11/08 20:54:17 [emerg] 1#1: "server" directive is not allowed here in /etc/nginx/conf.d/default.conf:7
2022/11/08 20:55:18 [emerg] 1#1: "server" directive is not allowed here in /etc/nginx/conf.d/default.conf:7
2022/11/08 20:56:18 [emerg] 1#1: "server" directive is not allowed here in /etc/nginx/conf.d/default.conf:7
2022/11/08 20:57:19 [emerg] 1#1: "server" directive is not allowed here in /etc/nginx/conf.d/default.conf:7
2022/11/08 20:58:20 [emerg] 1#1: "server" directive is not allowed here in /etc/nginx/conf.d/default.conf:7
2022/11/08 20:59:20 [emerg] 1#1: "server" directive is not allowed here in /etc/nginx/conf.d/default.conf:7
2022/11/08 21:00:21 [emerg] 1#1: "events" directive is not allowed here in /etc/nginx/conf.d/nginx.conf:1
2022/11/08 21:01:21 [emerg] 1#1: "events" directive is not allowed here in /etc/nginx/conf.d/nginx.conf:1
2022/11/08 21:02:22 [emerg] 1#1: "events" directive is not allowed here in /etc/nginx/conf.d/nginx.conf:1
2022/11/08 21:03:23 [emerg] 1#1: "events" directive is not allowed here in /etc/nginx/conf.d/nginx.conf:1
2022/11/08 21:04:24 [emerg] 1#1: "events" directive is not allowed here in /etc/nginx/conf.d/nginx.conf:1
2022/11/08 21:05:24 [emerg] 1#1: "events" directive is not allowed here in /etc/nginx/conf.d/nginx.conf:1
2022/11/08 21:06:25 [emerg] 1#1: "events" directive is not allowed here in /etc/nginx/conf.d/nginx.conf:1
2022/11/08 21:07:25 [emerg] 1#1: "events" directive is not allowed here in /etc/nginx/conf.d/nginx.conf:1
2022/11/08 21:08:26 [emerg] 1#1: "events" directive is not allowed here in /etc/nginx/conf.d/nginx.conf:1
2022/11/08 21:09:26 [emerg] 1#1: "events" directive is not allowed here in /etc/nginx/conf.d/nginx.conf:1
2022/11/08 21:10:27 [emerg] 1#1: "events" directive is not allowed here in /etc/nginx/conf.d/nginx.conf:1
2022/11/08 21:11:27 [emerg] 1#1: "events" directive is not allowed here in /etc/nginx/conf.d/nginx.conf:1
2022/11/08 21:12:28 [emerg] 1#1: "events" directive is not allowed here in /etc/nginx/conf.d/nginx.conf:1
2022/11/08 21:13:28 [emerg] 1#1: "worker_processes" directive is not allowed here in /etc/nginx/conf.d/nginx.conf:1
2022/11/08 21:14:29 [emerg] 1#1: "worker_processes" directive is not allowed here in /etc/nginx/conf.d/nginx.conf:1
2022/11/08 21:15:29 [emerg] 1#1: "worker_processes" directive is not allowed here in /etc/nginx/conf.d/nginx.conf:1
2022/11/08 21:16:30 [emerg] 1#1: "worker_processes" directive is not allowed here in /etc/nginx/conf.d/nginx.conf:1
2022/11/08 21:16:35 [emerg] 1#1: invalid number of arguments in "ssl_certificate" directive in /etc/nginx/nginx.conf:38
2022/11/08 21:16:36 [emerg] 1#1: invalid number of arguments in "ssl_certificate" directive in /etc/nginx/nginx.conf:38
2022/11/08 21:16:37 [emerg] 1#1: invalid number of arguments in "ssl_certificate" directive in /etc/nginx/nginx.conf:38
2022/11/08 21:16:38 [emerg] 1#1: invalid number of arguments in "ssl_certificate" directive in /etc/nginx/nginx.conf:38
2022/11/08 21:16:39 [emerg] 1#1: invalid number of arguments in "ssl_certificate" directive in /etc/nginx/nginx.conf:38
2022/11/08 21:16:41 [emerg] 1#1: invalid number of arguments in "ssl_certificate" directive in /etc/nginx/nginx.conf:38
2022/11/08 21:16:45 [emerg] 1#1: invalid number of arguments in "ssl_certificate" directive in /etc/nginx/nginx.conf:38
2022/11/08 21:16:51 [emerg] 1#1: invalid number of arguments in "ssl_certificate" directive in /etc/nginx/nginx.conf:38
2022/11/08 21:17:05 [emerg] 1#1: invalid number of arguments in "ssl_certificate" directive in /etc/nginx/nginx.conf:38
2022/11/08 21:17:31 [emerg] 1#1: host not found in upstream "backend" in /etc/nginx/nginx.conf:55
2022/11/08 21:18:23 [emerg] 1#1: host not found in upstream "backend" in /etc/nginx/nginx.conf:55
2022/11/08 21:19:23 [emerg] 1#1: host not found in upstream "backend" in /etc/nginx/nginx.conf:55
2022/11/08 21:20:17 [emerg] 1#1: host not found in upstream "backend" in /etc/nginx/nginx.conf:55
2022/11/08 21:20:18 [emerg] 1#1: host not found in upstream "backend" in /etc/nginx/nginx.conf:55
2022/11/08 21:20:19 [emerg] 1#1: host not found in upstream "backend" in /etc/nginx/nginx.conf:55
2022/11/08 21:20:20 [emerg] 1#1: host not found in upstream "backend" in /etc/nginx/nginx.conf:55
2022/11/08 21:20:21 [emerg] 1#1: host not found in upstream "backend" in /etc/nginx/nginx.conf:55
2022/11/08 21:20:23 [emerg] 1#1: host not found in upstream "backend" in /etc/nginx/nginx.conf:55
2022/11/08 21:20:27 [emerg] 1#1: host not found in upstream "backend" in /etc/nginx/nginx.conf:55
2022/11/08 21:20:34 [emerg] 1#1: host not found in upstream "backend" in /etc/nginx/nginx.conf:55
2022/11/08 21:20:47 [emerg] 1#1: host not found in upstream "backend" in /etc/nginx/nginx.conf:55
2022/11/08 21:21:13 [emerg] 1#1: host not found in upstream "backend" in /etc/nginx/nginx.conf:55
2022/11/08 21:22:05 [emerg] 1#1: host not found in upstream "backend" in /etc/nginx/nginx.conf:55
2022/11/08 21:22:57 [emerg] 1#1: cannot load certificate "/etc/nginx/ssl/live/stage.rumaxoft.com/fullchain.pem": BIO_new_file() failed (SSL: error:02001002:system library:fopen:No such file or directory:fopen('/etc/nginx/ssl/live/stage.rumaxoft.com/fullchain.pem','r') error:2006D080:BIO routines:BIO_new_file:no such file)
2022/11/08 21:22:57 [emerg] 1#1: cannot load certificate "/etc/nginx/ssl/live/stage.rumaxoft.com/fullchain.pem": BIO_new_file() failed (SSL: error:02001002:system library:fopen:No such file or directory:fopen('/etc/nginx/ssl/live/stage.rumaxoft.com/fullchain.pem','r') error:2006D080:BIO routines:BIO_new_file:no such file)
2022/11/08 21:22:58 [emerg] 1#1: cannot load certificate "/etc/nginx/ssl/live/stage.rumaxoft.com/fullchain.pem": BIO_new_file() failed (SSL: error:02001002:system library:fopen:No such file or directory:fopen('/etc/nginx/ssl/live/stage.rumaxoft.com/fullchain.pem','r') error:2006D080:BIO routines:BIO_new_file:no such file)
2022/11/08 21:22:59 [emerg] 1#1: cannot load certificate "/etc/nginx/ssl/live/stage.rumaxoft.com/fullchain.pem": BIO_new_file() failed (SSL: error:02001002:system library:fopen:No such file or directory:fopen('/etc/nginx/ssl/live/stage.rumaxoft.com/fullchain.pem','r') error:2006D080:BIO routines:BIO_new_file:no such file)
2022/11/08 21:23:01 [emerg] 1#1: cannot load certificate "/etc/nginx/ssl/live/stage.rumaxoft.com/fullchain.pem": BIO_new_file() failed (SSL: error:02001002:system library:fopen:No such file or directory:fopen('/etc/nginx/ssl/live/stage.rumaxoft.com/fullchain.pem','r') error:2006D080:BIO routines:BIO_new_file:no such file)
2022/11/08 21:23:03 [emerg] 1#1: cannot load certificate "/etc/nginx/ssl/live/stage.rumaxoft.com/fullchain.pem": BIO_new_file() failed (SSL: error:02001002:system library:fopen:No such file or directory:fopen('/etc/nginx/ssl/live/stage.rumaxoft.com/fullchain.pem','r') error:2006D080:BIO routines:BIO_new_file:no such file)
2022/11/08 21:23:07 [emerg] 1#1: cannot load certificate "/etc/nginx/ssl/live/stage.rumaxoft.com/fullchain.pem": BIO_new_file() failed (SSL: error:02001002:system library:fopen:No such file or directory:fopen('/etc/nginx/ssl/live/stage.rumaxoft.com/fullchain.pem','r') error:2006D080:BIO routines:BIO_new_file:no such file)
2022/11/08 21:23:14 [emerg] 1#1: cannot load certificate "/etc/nginx/ssl/live/stage.rumaxoft.com/fullchain.pem": BIO_new_file() failed (SSL: error:02001002:system library:fopen:No such file or directory:fopen('/etc/nginx/ssl/live/stage.rumaxoft.com/fullchain.pem','r') error:2006D080:BIO routines:BIO_new_file:no such file)
2022/11/08 21:23:27 [emerg] 1#1: cannot load certificate "/etc/nginx/ssl/live/stage.rumaxoft.com/fullchain.pem": BIO_new_file() failed (SSL: error:02001002:system library:fopen:No such file or directory:fopen('/etc/nginx/ssl/live/stage.rumaxoft.com/fullchain.pem','r') error:2006D080:BIO routines:BIO_new_file:no such file)
2022/11/08 21:23:53 [emerg] 1#1: cannot load certificate "/etc/nginx/ssl/live/stage.rumaxoft.com/fullchain.pem": BIO_new_file() failed (SSL: error:02001002:system library:fopen:No such file or directory:fopen('/etc/nginx/ssl/live/stage.rumaxoft.com/fullchain.pem','r') error:2006D080:BIO routines:BIO_new_file:no such file)
2022/11/08 21:24:45 [emerg] 1#1: cannot load certificate "/etc/nginx/ssl/live/stage.rumaxoft.com/fullchain.pem": BIO_new_file() failed (SSL: error:02001002:system library:fopen:No such file or directory:fopen('/etc/nginx/ssl/live/stage.rumaxoft.com/fullchain.pem','r') error:2006D080:BIO routines:BIO_new_file:no such file)
2022/11/08 21:25:46 [emerg] 1#1: cannot load certificate "/etc/nginx/ssl/live/stage.rumaxoft.com/fullchain.pem": BIO_new_file() failed (SSL: error:02001002:system library:fopen:No such file or directory:fopen('/etc/nginx/ssl/live/stage.rumaxoft.com/fullchain.pem','r') error:2006D080:BIO routines:BIO_new_file:no such file)
2022/11/08 21:26:46 [emerg] 1#1: cannot load certificate "/etc/nginx/ssl/live/stage.rumaxoft.com/fullchain.pem": BIO_new_file() failed (SSL: error:02001002:system library:fopen:No such file or directory:fopen('/etc/nginx/ssl/live/stage.rumaxoft.com/fullchain.pem','r') error:2006D080:BIO routines:BIO_new_file:no such file)
2022/11/08 21:27:47 [emerg] 1#1: cannot load certificate "/etc/nginx/ssl/live/stage.rumaxoft.com/fullchain.pem": BIO_new_file() failed (SSL: error:02001002:system library:fopen:No such file or directory:fopen('/etc/nginx/ssl/live/stage.rumaxoft.com/fullchain.pem','r') error:2006D080:BIO routines:BIO_new_file:no such file)
2022/11/08 21:28:47 [emerg] 1#1: cannot load certificate "/etc/nginx/ssl/live/stage.rumaxoft.com/fullchain.pem": BIO_new_file() failed (SSL: error:02001002:system library:fopen:No such file or directory:fopen('/etc/nginx/ssl/live/stage.rumaxoft.com/fullchain.pem','r') error:2006D080:BIO routines:BIO_new_file:no such file)
2022/11/08 21:29:48 [emerg] 1#1: cannot load certificate "/etc/nginx/ssl/live/stage.rumaxoft.com/fullchain.pem": BIO_new_file() failed (SSL: error:02001002:system library:fopen:No such file or directory:fopen('/etc/nginx/ssl/live/stage.rumaxoft.com/fullchain.pem','r') error:2006D080:BIO routines:BIO_new_file:no such file)
2022/11/08 21:30:48 [emerg] 1#1: cannot load certificate "/etc/nginx/ssl/live/stage.rumaxoft.com/fullchain.pem": BIO_new_file() failed (SSL: error:02001002:system library:fopen:No such file or directory:fopen('/etc/nginx/ssl/live/stage.rumaxoft.com/fullchain.pem','r') error:2006D080:BIO routines:BIO_new_file:no such file)
2022/11/08 21:31:49 [emerg] 1#1: cannot load certificate "/etc/nginx/ssl/live/stage.rumaxoft.com/fullchain.pem": BIO_new_file() failed (SSL: error:02001002:system library:fopen:No such file or directory:fopen('/etc/nginx/ssl/live/stage.rumaxoft.com/fullchain.pem','r') error:2006D080:BIO routines:BIO_new_file:no such file)
2022/11/08 21:32:49 [emerg] 1#1: cannot load certificate "/etc/nginx/ssl/live/stage.rumaxoft.com/fullchain.pem": BIO_new_file() failed (SSL: error:02001002:system library:fopen:No such file or directory:fopen('/etc/nginx/ssl/live/stage.rumaxoft.com/fullchain.pem','r') error:2006D080:BIO routines:BIO_new_file:no such file)
2022/11/08 21:33:50 [emerg] 1#1: cannot load certificate "/etc/nginx/ssl/live/stage.rumaxoft.com/fullchain.pem": BIO_new_file() failed (SSL: error:02001002:system library:fopen:No such file or directory:fopen('/etc/nginx/ssl/live/stage.rumaxoft.com/fullchain.pem','r') error:2006D080:BIO routines:BIO_new_file:no such file)
2022/11/08 21:34:51 [emerg] 1#1: open() "/etc/letsencrypt/options-ssl-nginx.conf" failed (2: No such file or directory) in /etc/nginx/nginx.conf:38
2022/11/08 21:35:51 [emerg] 1#1: open() "/etc/letsencrypt/options-ssl-nginx.conf" failed (2: No such file or directory) in /etc/nginx/nginx.conf:38
2022/11/08 21:36:52 [emerg] 1#1: open() "/etc/letsencrypt/options-ssl-nginx.conf" failed (2: No such file or directory) in /etc/nginx/nginx.conf:38
2022/11/08 21:37:52 [emerg] 1#1: open() "/etc/letsencrypt/options-ssl-nginx.conf" failed (2: No such file or directory) in /etc/nginx/nginx.conf:38
2022/11/08 21:38:53 [emerg] 1#1: open() "/etc/letsencrypt/options-ssl-nginx.conf" failed (2: No such file or directory) in /etc/nginx/nginx.conf:38
2022/11/08 21:39:53 [emerg] 1#1: open() "/etc/letsencrypt/options-ssl-nginx.conf" failed (2: No such file or directory) in /etc/nginx/nginx.conf:38
2022/11/08 21:40:54 [emerg] 1#1: open() "/etc/letsencrypt/options-ssl-nginx.conf" failed (2: No such file or directory) in /etc/nginx/nginx.conf:38
2022/11/08 21:41:54 [emerg] 1#1: open() "/etc/letsencrypt/options-ssl-nginx.conf" failed (2: No such file or directory) in /etc/nginx/nginx.conf:38
2022/11/08 21:42:55 [emerg] 1#1: open() "/etc/letsencrypt/options-ssl-nginx.conf" failed (2: No such file or directory) in /etc/nginx/nginx.conf:38
2022/11/08 21:43:55 [emerg] 1#1: open() "/etc/letsencrypt/options-ssl-nginx.conf" failed (2: No such file or directory) in /etc/nginx/nginx.conf:38
2022/11/08 21:44:56 [emerg] 1#1: open() "/etc/letsencrypt/options-ssl-nginx.conf" failed (2: No such file or directory) in /etc/nginx/nginx.conf:38
2022/11/08 21:45:56 [emerg] 1#1: open() "/etc/letsencrypt/options-ssl-nginx.conf" failed (2: No such file or directory) in /etc/nginx/nginx.conf:38
2022/11/08 21:46:58 [emerg] 1#1: open() "/etc/letsencrypt/options-ssl-nginx.conf" failed (2: No such file or directory) in /etc/nginx/nginx.conf:38
2022/11/08 21:47:58 [emerg] 1#1: open() "/etc/letsencrypt/options-ssl-nginx.conf" failed (2: No such file or directory) in /etc/nginx/nginx.conf:38
2022/11/08 21:48:59 [emerg] 1#1: open() "/etc/letsencrypt/options-ssl-nginx.conf" failed (2: No such file or directory) in /etc/nginx/nginx.conf:38
2022/11/08 21:49:59 [emerg] 1#1: open() "/etc/letsencrypt/options-ssl-nginx.conf" failed (2: No such file or directory) in /etc/nginx/nginx.conf:38
2022/11/08 21:50:59 [emerg] 1#1: open() "/etc/letsencrypt/options-ssl-nginx.conf" failed (2: No such file or directory) in /etc/nginx/nginx.conf:38
2022/11/08 21:52:00 [emerg] 1#1: open() "/etc/letsencrypt/options-ssl-nginx.conf" failed (2: No such file or directory) in /etc/nginx/nginx.conf:38
2022/11/08 21:53:00 [emerg] 1#1: open() "/etc/letsencrypt/options-ssl-nginx.conf" failed (2: No such file or directory) in /etc/nginx/nginx.conf:38
2022/11/08 21:54:01 [emerg] 1#1: open() "/etc/letsencrypt/options-ssl-nginx.conf" failed (2: No such file or directory) in /etc/nginx/nginx.conf:38
2022/11/08 21:55:01 [emerg] 1#1: open() "/etc/letsencrypt/options-ssl-nginx.conf" failed (2: No such file or directory) in /etc/nginx/nginx.conf:38
2022/11/08 21:56:02 [emerg] 1#1: open() "/etc/letsencrypt/options-ssl-nginx.conf" failed (2: No such file or directory) in /etc/nginx/nginx.conf:38
2022/11/08 21:57:02 [emerg] 1#1: open() "/etc/letsencrypt/options-ssl-nginx.conf" failed (2: No such file or directory) in /etc/nginx/nginx.conf:38
2022/11/08 21:58:03 [emerg] 1#1: open() "/etc/letsencrypt/options-ssl-nginx.conf" failed (2: No such file or directory) in /etc/nginx/nginx.conf:38
2022/11/08 21:59:04 [emerg] 1#1: open() "/etc/letsencrypt/options-ssl-nginx.conf" failed (2: No such file or directory) in /etc/nginx/nginx.conf:38
2022/11/08 22:00:04 [emerg] 1#1: open() "/etc/letsencrypt/options-ssl-nginx.conf" failed (2: No such file or directory) in /etc/nginx/nginx.conf:38
2022/11/08 22:01:05 [emerg] 1#1: open() "/etc/letsencrypt/options-ssl-nginx.conf" failed (2: No such file or directory) in /etc/nginx/nginx.conf:38
2022/11/08 22:02:05 [emerg] 1#1: open() "/etc/letsencrypt/options-ssl-nginx.conf" failed (2: No such file or directory) in /etc/nginx/nginx.conf:38
2022/11/08 22:03:06 [emerg] 1#1: open() "/etc/letsencrypt/options-ssl-nginx.conf" failed (2: No such file or directory) in /etc/nginx/nginx.conf:38
2022/11/08 22:04:06 [emerg] 1#1: open() "/etc/letsencrypt/options-ssl-nginx.conf" failed (2: No such file or directory) in /etc/nginx/nginx.conf:38
2022/11/08 22:05:07 [emerg] 1#1: open() "/etc/letsencrypt/options-ssl-nginx.conf" failed (2: No such file or directory) in /etc/nginx/nginx.conf:38
2022/11/08 22:06:08 [emerg] 1#1: open() "/etc/letsencrypt/options-ssl-nginx.conf" failed (2: No such file or directory) in /etc/nginx/nginx.conf:38
2022/11/08 22:07:08 [emerg] 1#1: open() "/etc/letsencrypt/options-ssl-nginx.conf" failed (2: No such file or directory) in /etc/nginx/nginx.conf:38
2022/11/08 22:08:10 [emerg] 1#1: open() "/etc/letsencrypt/options-ssl-nginx.conf" failed (2: No such file or directory) in /etc/nginx/nginx.conf:38
2022/11/08 22:09:10 [emerg] 1#1: open() "/etc/letsencrypt/options-ssl-nginx.conf" failed (2: No such file or directory) in /etc/nginx/nginx.conf:38
2022/11/08 22:10:11 [emerg] 1#1: open() "/etc/letsencrypt/options-ssl-nginx.conf" failed (2: No such file or directory) in /etc/nginx/nginx.conf:38
2022/11/08 22:11:11 [emerg] 1#1: open() "/etc/letsencrypt/options-ssl-nginx.conf" failed (2: No such file or directory) in /etc/nginx/nginx.conf:38
2022/11/08 22:12:12 [emerg] 1#1: open() "/etc/letsencrypt/options-ssl-nginx.conf" failed (2: No such file or directory) in /etc/nginx/nginx.conf:38
2022/11/08 22:13:12 [emerg] 1#1: open() "/etc/letsencrypt/options-ssl-nginx.conf" failed (2: No such file or directory) in /etc/nginx/nginx.conf:38
2022/11/08 22:14:13 [emerg] 1#1: open() "/etc/letsencrypt/options-ssl-nginx.conf" failed (2: No such file or directory) in /etc/nginx/nginx.conf:38
2022/11/08 22:15:13 [emerg] 1#1: open() "/etc/letsencrypt/options-ssl-nginx.conf" failed (2: No such file or directory) in /etc/nginx/nginx.conf:38
2022/11/08 22:16:14 [emerg] 1#1: open() "/etc/letsencrypt/options-ssl-nginx.conf" failed (2: No such file or directory) in /etc/nginx/nginx.conf:38
2022/11/08 22:17:15 [emerg] 1#1: open() "/etc/letsencrypt/options-ssl-nginx.conf" failed (2: No such file or directory) in /etc/nginx/nginx.conf:38
2022/11/08 22:18:16 [emerg] 1#1: open() "/etc/letsencrypt/options-ssl-nginx.conf" failed (2: No such file or directory) in /etc/nginx/nginx.conf:38
2022/11/08 22:19:16 [emerg] 1#1: open() "/etc/letsencrypt/options-ssl-nginx.conf" failed (2: No such file or directory) in /etc/nginx/nginx.conf:38
2022/11/08 22:20:17 [emerg] 1#1: open() "/etc/letsencrypt/options-ssl-nginx.conf" failed (2: No such file or directory) in /etc/nginx/nginx.conf:38
2022/11/08 22:21:17 [emerg] 1#1: open() "/etc/letsencrypt/options-ssl-nginx.conf" failed (2: No such file or directory) in /etc/nginx/nginx.conf:38
2022/11/08 22:22:18 [emerg] 1#1: open() "/etc/letsencrypt/options-ssl-nginx.conf" failed (2: No such file or directory) in /etc/nginx/nginx.conf:38
2022/11/08 22:23:18 [emerg] 1#1: open() "/etc/letsencrypt/options-ssl-nginx.conf" failed (2: No such file or directory) in /etc/nginx/nginx.conf:38
2022/11/08 22:24:19 [emerg] 1#1: open() "/etc/letsencrypt/options-ssl-nginx.conf" failed (2: No such file or directory) in /etc/nginx/nginx.conf:38
2022/11/08 22:25:20 [emerg] 1#1: open() "/etc/letsencrypt/options-ssl-nginx.conf" failed (2: No such file or directory) in /etc/nginx/nginx.conf:38
2022/11/08 22:26:21 [emerg] 1#1: open() "/etc/letsencrypt/options-ssl-nginx.conf" failed (2: No such file or directory) in /etc/nginx/nginx.conf:38
2022/11/08 22:27:22 [emerg] 1#1: open() "/etc/letsencrypt/options-ssl-nginx.conf" failed (2: No such file or directory) in /etc/nginx/nginx.conf:38
2022/11/08 22:28:23 [emerg] 1#1: open() "/etc/letsencrypt/options-ssl-nginx.conf" failed (2: No such file or directory) in /etc/nginx/nginx.conf:38
2022/11/08 22:29:24 [emerg] 1#1: open() "/etc/letsencrypt/options-ssl-nginx.conf" failed (2: No such file or directory) in /etc/nginx/nginx.conf:38
2022/11/08 22:30:25 [emerg] 1#1: open() "/etc/letsencrypt/options-ssl-nginx.conf" failed (2: No such file or directory) in /etc/nginx/nginx.conf:38
2022/11/08 22:31:25 [emerg] 1#1: open() "/etc/letsencrypt/options-ssl-nginx.conf" failed (2: No such file or directory) in /etc/nginx/nginx.conf:38
2022/11/08 22:32:26 [emerg] 1#1: open() "/etc/letsencrypt/options-ssl-nginx.conf" failed (2: No such file or directory) in /etc/nginx/nginx.conf:38
2022/11/08 22:33:26 [emerg] 1#1: open() "/etc/letsencrypt/options-ssl-nginx.conf" failed (2: No such file or directory) in /etc/nginx/nginx.conf:38
2022/11/08 22:34:27 [emerg] 1#1: open() "/etc/letsencrypt/options-ssl-nginx.conf" failed (2: No such file or directory) in /etc/nginx/nginx.conf:38
2022/11/08 22:35:28 [emerg] 1#1: open() "/etc/letsencrypt/options-ssl-nginx.conf" failed (2: No such file or directory) in /etc/nginx/nginx.conf:38
2022/11/08 22:36:29 [emerg] 1#1: open() "/etc/letsencrypt/options-ssl-nginx.conf" failed (2: No such file or directory) in /etc/nginx/nginx.conf:38
2022/11/08 22:37:29 [emerg] 1#1: open() "/etc/letsencrypt/options-ssl-nginx.conf" failed (2: No such file or directory) in /etc/nginx/nginx.conf:38
2022/11/08 22:38:30 [emerg] 1#1: open() "/etc/letsencrypt/options-ssl-nginx.conf" failed (2: No such file or directory) in /etc/nginx/nginx.conf:38
2022/11/08 22:39:30 [emerg] 1#1: open() "/etc/letsencrypt/options-ssl-nginx.conf" failed (2: No such file or directory) in /etc/nginx/nginx.conf:38
2022/11/08 22:40:31 [emerg] 1#1: open() "/etc/letsencrypt/options-ssl-nginx.conf" failed (2: No such file or directory) in /etc/nginx/nginx.conf:38
2022/11/08 22:41:31 [emerg] 1#1: open() "/etc/letsencrypt/options-ssl-nginx.conf" failed (2: No such file or directory) in /etc/nginx/nginx.conf:38
2022/11/08 22:42:32 [emerg] 1#1: open() "/etc/letsencrypt/options-ssl-nginx.conf" failed (2: No such file or directory) in /etc/nginx/nginx.conf:38
2022/11/08 22:43:33 [emerg] 1#1: open() "/etc/letsencrypt/options-ssl-nginx.conf" failed (2: No such file or directory) in /etc/nginx/nginx.conf:38
2022/11/08 22:44:34 [emerg] 1#1: open() "/etc/letsencrypt/options-ssl-nginx.conf" failed (2: No such file or directory) in /etc/nginx/nginx.conf:38
2022/11/08 22:45:34 [emerg] 1#1: open() "/etc/letsencrypt/options-ssl-nginx.conf" failed (2: No such file or directory) in /etc/nginx/nginx.conf:38
2022/11/09 07:10:57 [emerg] 1#1: open() "/etc/letsencrypt/options-ssl-nginx.conf" failed (2: No such file or directory) in /etc/nginx/nginx.conf:38
2022/11/09 07:11:58 [emerg] 1#1: open() "/etc/letsencrypt/options-ssl-nginx.conf" failed (2: No such file or directory) in /etc/nginx/nginx.conf:38
2022/11/09 07:12:59 [emerg] 1#1: open() "/etc/letsencrypt/options-ssl-nginx.conf" failed (2: No such file or directory) in /etc/nginx/nginx.conf:38
2022/11/09 07:14:00 [emerg] 1#1: open() "/etc/letsencrypt/options-ssl-nginx.conf" failed (2: No such file or directory) in /etc/nginx/nginx.conf:38
2022/11/09 07:15:01 [emerg] 1#1: open() "/etc/letsencrypt/options-ssl-nginx.conf" failed (2: No such file or directory) in /etc/nginx/nginx.conf:38
2022/11/09 07:16:02 [emerg] 1#1: open() "/etc/letsencrypt/options-ssl-nginx.conf" failed (2: No such file or directory) in /etc/nginx/nginx.conf:38
2022/11/09 07:17:03 [emerg] 1#1: open() "/etc/letsencrypt/options-ssl-nginx.conf" failed (2: No such file or directory) in /etc/nginx/nginx.conf:38
2022/11/09 07:18:04 [emerg] 1#1: open() "/etc/letsencrypt/options-ssl-nginx.conf" failed (2: No such file or directory) in /etc/nginx/nginx.conf:38
2022/11/09 07:19:05 [emerg] 1#1: open() "/etc/letsencrypt/options-ssl-nginx.conf" failed (2: No such file or directory) in /etc/nginx/nginx.conf:38
2022/11/09 07:20:05 [emerg] 1#1: open() "/etc/letsencrypt/options-ssl-nginx.conf" failed (2: No such file or directory) in /etc/nginx/nginx.conf:38
2022/11/09 07:21:06 [emerg] 1#1: open() "/etc/letsencrypt/options-ssl-nginx.conf" failed (2: No such file or directory) in /etc/nginx/nginx.conf:38
2022/11/09 07:22:07 [emerg] 1#1: open() "/etc/letsencrypt/options-ssl-nginx.conf" failed (2: No such file or directory) in /etc/nginx/nginx.conf:38
2022/11/09 07:23:08 [emerg] 1#1: open() "/etc/letsencrypt/options-ssl-nginx.conf" failed (2: No such file or directory) in /etc/nginx/nginx.conf:38
2022/11/09 07:24:09 [emerg] 1#1: open() "/etc/letsencrypt/options-ssl-nginx.conf" failed (2: No such file or directory) in /etc/nginx/nginx.conf:38
2022/11/09 07:25:10 [emerg] 1#1: open() "/etc/letsencrypt/options-ssl-nginx.conf" failed (2: No such file or directory) in /etc/nginx/nginx.conf:38
